2017-05-11 19:47:35,422       [8] DEBUG JoelScottFitness.Data.JSFitnessContext [(null)] Opened connection at 11/05/2017 19:47:35 +01:00

2017-05-11 19:47:35,433       [8] DEBUG JoelScottFitness.Data.JSFitnessContext [(null)] 
SELECT Count(*)
FROM INFORMATION_SCHEMA.TABLES AS t
WHERE t.TABLE_SCHEMA + '.' + t.TABLE_NAME IN ('dbo.Addresses','dbo.Blogs','dbo.Customers','dbo.Purchases','dbo.DiscountCodes','dbo.Items','dbo.AspNetUsers','dbo.AspNetUserClaims','dbo.AspNetUserLogins','dbo.AspNetUserRoles','dbo.Plans','dbo.AspNetRoles')
    OR t.TABLE_NAME = 'EdmMetadata'
2017-05-11 19:47:35,434       [8] DEBUG JoelScottFitness.Data.JSFitnessContext [(null)] 

2017-05-11 19:47:35,435       [8] DEBUG JoelScottFitness.Data.JSFitnessContext [(null)] -- Executing at 11/05/2017 19:47:35 +01:00

2017-05-11 19:47:35,455       [8] DEBUG JoelScottFitness.Data.JSFitnessContext [(null)] -- Completed in 19 ms with result: 12

2017-05-11 19:47:35,457       [8] DEBUG JoelScottFitness.Data.JSFitnessContext [(null)] 

2017-05-11 19:47:35,457       [8] DEBUG JoelScottFitness.Data.JSFitnessContext [(null)] Closed connection at 11/05/2017 19:47:35 +01:00

2017-05-11 19:47:35,519       [8] DEBUG JoelScottFitness.Data.JSFitnessContext [(null)] Opened connection at 11/05/2017 19:47:35 +01:00

2017-05-11 19:47:35,580       [8] DEBUG JoelScottFitness.Data.JSFitnessContext [(null)] SELECT 
    [GroupBy1].[A1] AS [C1]
    FROM ( SELECT 
        COUNT(1) AS [A1]
        FROM [dbo].[__MigrationHistory] AS [Extent1]
        WHERE [Extent1].[ContextKey] = @p__linq__0
    )  AS [GroupBy1]
2017-05-11 19:47:35,580       [8] DEBUG JoelScottFitness.Data.JSFitnessContext [(null)] 

2017-05-11 19:47:35,582       [8] DEBUG JoelScottFitness.Data.JSFitnessContext [(null)] -- p__linq__0: 'JoelScottFitness.Data.JSFitnessContext' (Type = String, Size = 4000)

2017-05-11 19:47:35,582       [8] DEBUG JoelScottFitness.Data.JSFitnessContext [(null)] -- Executing at 11/05/2017 19:47:35 +01:00

2017-05-11 19:47:35,587       [8] DEBUG JoelScottFitness.Data.JSFitnessContext [(null)] -- Completed in 3 ms with result: SqlDataReader

2017-05-11 19:47:35,588       [8] DEBUG JoelScottFitness.Data.JSFitnessContext [(null)] 

2017-05-11 19:47:35,592       [8] DEBUG JoelScottFitness.Data.JSFitnessContext [(null)] Closed connection at 11/05/2017 19:47:35 +01:00

2017-05-11 19:47:35,595       [8] DEBUG JoelScottFitness.Data.JSFitnessContext [(null)] Opened connection at 11/05/2017 19:47:35 +01:00

2017-05-11 19:47:35,602       [8] DEBUG JoelScottFitness.Data.JSFitnessContext [(null)] SELECT TOP (1) 
    [Project1].[C1] AS [C1], 
    [Project1].[MigrationId] AS [MigrationId], 
    [Project1].[Model] AS [Model], 
    [Project1].[ProductVersion] AS [ProductVersion]
    FROM ( SELECT 
        [Extent1].[MigrationId] AS [MigrationId], 
        [Extent1].[Model] AS [Model], 
        [Extent1].[ProductVersion] AS [ProductVersion], 
        1 AS [C1]
        FROM [dbo].[__MigrationHistory] AS [Extent1]
        WHERE [Extent1].[ContextKey] = @p__linq__0
    )  AS [Project1]
    ORDER BY [Project1].[MigrationId] DESC
2017-05-11 19:47:35,603       [8] DEBUG JoelScottFitness.Data.JSFitnessContext [(null)] 

2017-05-11 19:47:35,604       [8] DEBUG JoelScottFitness.Data.JSFitnessContext [(null)] -- p__linq__0: 'JoelScottFitness.Data.JSFitnessContext' (Type = String, Size = 4000)

2017-05-11 19:47:35,604       [8] DEBUG JoelScottFitness.Data.JSFitnessContext [(null)] -- Executing at 11/05/2017 19:47:35 +01:00

2017-05-11 19:47:35,607       [8] DEBUG JoelScottFitness.Data.JSFitnessContext [(null)] -- Completed in 1 ms with result: SqlDataReader

2017-05-11 19:47:35,608       [8] DEBUG JoelScottFitness.Data.JSFitnessContext [(null)] 

2017-05-11 19:47:35,609       [8] DEBUG JoelScottFitness.Data.JSFitnessContext [(null)] Closed connection at 11/05/2017 19:47:35 +01:00

2017-05-11 19:47:35,626       [8] DEBUG JoelScottFitness.Data.JSFitnessContext [(null)] Opened connection asynchronously at 11/05/2017 19:47:35 +01:00

2017-05-11 19:47:35,673       [8] DEBUG JoelScottFitness.Data.JSFitnessContext [(null)] SELECT 
    [Extent1].[Id] AS [Id], 
    [Extent1].[Code] AS [Code], 
    [Extent1].[PercentDiscount] AS [PercentDiscount], 
    [Extent1].[ValidFrom] AS [ValidFrom], 
    [Extent1].[ValidTo] AS [ValidTo]
    FROM [dbo].[DiscountCodes] AS [Extent1]
    WHERE [Extent1].[Id] = @p0
2017-05-11 19:47:35,674       [8] DEBUG JoelScottFitness.Data.JSFitnessContext [(null)] 

2017-05-11 19:47:35,675       [8] DEBUG JoelScottFitness.Data.JSFitnessContext [(null)] -- p0: '0' (Type = Int64)

2017-05-11 19:47:35,676       [8] DEBUG JoelScottFitness.Data.JSFitnessContext [(null)] -- Executing asynchronously at 11/05/2017 19:47:35 +01:00

2017-05-11 19:47:35,701       [7] DEBUG JoelScottFitness.Data.JSFitnessContext [(null)] -- Completed in 24 ms with result: SqlDataReader

2017-05-11 19:47:35,710       [7] DEBUG JoelScottFitness.Data.JSFitnessContext [(null)] 

2017-05-11 19:47:35,714       [7] DEBUG JoelScottFitness.Data.JSFitnessContext [(null)] Closed connection at 11/05/2017 19:47:35 +01:00

2017-05-11 19:47:51,447       [14] DEBUG JoelScottFitness.Data.JSFitnessContext [(null)] Opened connection asynchronously at 11/05/2017 19:47:51 +01:00

2017-05-11 19:47:51,455       [14] DEBUG JoelScottFitness.Data.JSFitnessContext [(null)] Started transaction at 11/05/2017 19:47:51 +01:00

2017-05-11 19:47:51,469       [14] DEBUG JoelScottFitness.Data.JSFitnessContext [(null)] INSERT [dbo].[DiscountCodes]([Code], [PercentDiscount], [ValidFrom], [ValidTo])
VALUES (@0, @1, @2, @3)
SELECT [Id]
FROM [dbo].[DiscountCodes]
WHERE @@ROWCOUNT > 0 AND [Id] = scope_identity()
2017-05-11 19:47:51,475       [14] DEBUG JoelScottFitness.Data.JSFitnessContext [(null)] 

2017-05-11 19:47:51,476       [14] DEBUG JoelScottFitness.Data.JSFitnessContext [(null)] -- @0: 'disc1223' (Type = String, Size = -1)

2017-05-11 19:47:51,477       [14] DEBUG JoelScottFitness.Data.JSFitnessContext [(null)] -- @1: '10' (Type = Int32)

2017-05-11 19:47:51,478       [14] DEBUG JoelScottFitness.Data.JSFitnessContext [(null)] -- @2: '11/05/2017 18:46:16' (Type = DateTime2)

2017-05-11 19:47:51,478       [14] DEBUG JoelScottFitness.Data.JSFitnessContext [(null)] -- @3: '11/05/2017 18:57:16' (Type = DateTime2)

2017-05-11 19:47:51,480       [14] DEBUG JoelScottFitness.Data.JSFitnessContext [(null)] -- Executing asynchronously at 11/05/2017 19:47:51 +01:00

2017-05-11 19:47:51,488       [8] DEBUG JoelScottFitness.Data.JSFitnessContext [(null)] -- Completed in 7 ms with result: SqlDataReader

2017-05-11 19:47:51,489       [8] DEBUG JoelScottFitness.Data.JSFitnessContext [(null)] 

2017-05-11 19:47:51,494       [8] DEBUG JoelScottFitness.Data.JSFitnessContext [(null)] Committed transaction at 11/05/2017 19:47:51 +01:00

2017-05-11 19:47:51,495       [8] DEBUG JoelScottFitness.Data.JSFitnessContext [(null)] Closed connection at 11/05/2017 19:47:51 +01:00

2017-05-11 19:49:15,222       [7] DEBUG JoelScottFitness.Data.JSFitnessContext [(null)] Opened connection at 11/05/2017 19:49:15 +01:00

2017-05-11 19:49:15,233       [7] DEBUG JoelScottFitness.Data.JSFitnessContext [(null)] 
SELECT Count(*)
FROM INFORMATION_SCHEMA.TABLES AS t
WHERE t.TABLE_SCHEMA + '.' + t.TABLE_NAME IN ('dbo.Addresses','dbo.Blogs','dbo.Customers','dbo.Purchases','dbo.DiscountCodes','dbo.Items','dbo.AspNetUsers','dbo.AspNetUserClaims','dbo.AspNetUserLogins','dbo.AspNetUserRoles','dbo.Plans','dbo.AspNetRoles')
    OR t.TABLE_NAME = 'EdmMetadata'
2017-05-11 19:49:15,235       [7] DEBUG JoelScottFitness.Data.JSFitnessContext [(null)] 

2017-05-11 19:49:15,236       [7] DEBUG JoelScottFitness.Data.JSFitnessContext [(null)] -- Executing at 11/05/2017 19:49:15 +01:00

2017-05-11 19:49:15,247       [7] DEBUG JoelScottFitness.Data.JSFitnessContext [(null)] -- Completed in 10 ms with result: 12

2017-05-11 19:49:15,248       [7] DEBUG JoelScottFitness.Data.JSFitnessContext [(null)] 

2017-05-11 19:49:15,249       [7] DEBUG JoelScottFitness.Data.JSFitnessContext [(null)] Closed connection at 11/05/2017 19:49:15 +01:00

2017-05-11 19:49:15,306       [7] DEBUG JoelScottFitness.Data.JSFitnessContext [(null)] Opened connection at 11/05/2017 19:49:15 +01:00

2017-05-11 19:49:15,365       [7] DEBUG JoelScottFitness.Data.JSFitnessContext [(null)] SELECT 
    [GroupBy1].[A1] AS [C1]
    FROM ( SELECT 
        COUNT(1) AS [A1]
        FROM [dbo].[__MigrationHistory] AS [Extent1]
        WHERE [Extent1].[ContextKey] = @p__linq__0
    )  AS [GroupBy1]
2017-05-11 19:49:15,366       [7] DEBUG JoelScottFitness.Data.JSFitnessContext [(null)] 

2017-05-11 19:49:15,366       [7] DEBUG JoelScottFitness.Data.JSFitnessContext [(null)] -- p__linq__0: 'JoelScottFitness.Data.JSFitnessContext' (Type = String, Size = 4000)

2017-05-11 19:49:15,367       [7] DEBUG JoelScottFitness.Data.JSFitnessContext [(null)] -- Executing at 11/05/2017 19:49:15 +01:00

2017-05-11 19:49:15,373       [7] DEBUG JoelScottFitness.Data.JSFitnessContext [(null)] -- Completed in 4 ms with result: SqlDataReader

2017-05-11 19:49:15,374       [7] DEBUG JoelScottFitness.Data.JSFitnessContext [(null)] 

2017-05-11 19:49:15,378       [7] DEBUG JoelScottFitness.Data.JSFitnessContext [(null)] Closed connection at 11/05/2017 19:49:15 +01:00

2017-05-11 19:49:15,382       [7] DEBUG JoelScottFitness.Data.JSFitnessContext [(null)] Opened connection at 11/05/2017 19:49:15 +01:00

2017-05-11 19:49:15,389       [7] DEBUG JoelScottFitness.Data.JSFitnessContext [(null)] SELECT TOP (1) 
    [Project1].[C1] AS [C1], 
    [Project1].[MigrationId] AS [MigrationId], 
    [Project1].[Model] AS [Model], 
    [Project1].[ProductVersion] AS [ProductVersion]
    FROM ( SELECT 
        [Extent1].[MigrationId] AS [MigrationId], 
        [Extent1].[Model] AS [Model], 
        [Extent1].[ProductVersion] AS [ProductVersion], 
        1 AS [C1]
        FROM [dbo].[__MigrationHistory] AS [Extent1]
        WHERE [Extent1].[ContextKey] = @p__linq__0
    )  AS [Project1]
    ORDER BY [Project1].[MigrationId] DESC
2017-05-11 19:49:15,390       [7] DEBUG JoelScottFitness.Data.JSFitnessContext [(null)] 

2017-05-11 19:49:15,391       [7] DEBUG JoelScottFitness.Data.JSFitnessContext [(null)] -- p__linq__0: 'JoelScottFitness.Data.JSFitnessContext' (Type = String, Size = 4000)

2017-05-11 19:49:15,392       [7] DEBUG JoelScottFitness.Data.JSFitnessContext [(null)] -- Executing at 11/05/2017 19:49:15 +01:00

2017-05-11 19:49:15,394       [7] DEBUG JoelScottFitness.Data.JSFitnessContext [(null)] -- Completed in 1 ms with result: SqlDataReader

2017-05-11 19:49:15,395       [7] DEBUG JoelScottFitness.Data.JSFitnessContext [(null)] 

2017-05-11 19:49:15,396       [7] DEBUG JoelScottFitness.Data.JSFitnessContext [(null)] Closed connection at 11/05/2017 19:49:15 +01:00

2017-05-11 19:49:15,409       [7] DEBUG JoelScottFitness.Data.JSFitnessContext [(null)] Opened connection asynchronously at 11/05/2017 19:49:15 +01:00

2017-05-11 19:49:15,456       [7] DEBUG JoelScottFitness.Data.JSFitnessContext [(null)] SELECT 
    [Extent1].[Id] AS [Id], 
    [Extent1].[Code] AS [Code], 
    [Extent1].[PercentDiscount] AS [PercentDiscount], 
    [Extent1].[ValidFrom] AS [ValidFrom], 
    [Extent1].[ValidTo] AS [ValidTo]
    FROM [dbo].[DiscountCodes] AS [Extent1]
    WHERE [Extent1].[Id] = @p0
2017-05-11 19:49:15,458       [7] DEBUG JoelScottFitness.Data.JSFitnessContext [(null)] 

2017-05-11 19:49:15,458       [7] DEBUG JoelScottFitness.Data.JSFitnessContext [(null)] -- p0: '1' (Type = Int64)

2017-05-11 19:49:15,459       [7] DEBUG JoelScottFitness.Data.JSFitnessContext [(null)] -- Executing asynchronously at 11/05/2017 19:49:15 +01:00

2017-05-11 19:49:15,463       [8] DEBUG JoelScottFitness.Data.JSFitnessContext [(null)] -- Completed in 3 ms with result: SqlDataReader

2017-05-11 19:49:15,474       [8] DEBUG JoelScottFitness.Data.JSFitnessContext [(null)] 

2017-05-11 19:49:15,478       [8] DEBUG JoelScottFitness.Data.JSFitnessContext [(null)] Closed connection at 11/05/2017 19:49:15 +01:00

2017-05-11 19:49:29,698       [5] DEBUG JoelScottFitness.Data.JSFitnessContext [(null)] Opened connection asynchronously at 11/05/2017 19:49:29 +01:00

2017-05-11 19:49:29,701       [5] DEBUG JoelScottFitness.Data.JSFitnessContext [(null)] Started transaction at 11/05/2017 19:49:29 +01:00

2017-05-11 19:49:29,709       [5] DEBUG JoelScottFitness.Data.JSFitnessContext [(null)] UPDATE [dbo].[DiscountCodes]
SET [Code] = @0, [PercentDiscount] = @1, [ValidFrom] = @2, [ValidTo] = @3
WHERE ([Id] = @4)

2017-05-11 19:49:29,711       [5] DEBUG JoelScottFitness.Data.JSFitnessContext [(null)] -- @0: 'disc12sdsd23' (Type = String, Size = -1)

2017-05-11 19:49:29,712       [5] DEBUG JoelScottFitness.Data.JSFitnessContext [(null)] -- @1: '20' (Type = Int32)

2017-05-11 19:49:29,714       [5] DEBUG JoelScottFitness.Data.JSFitnessContext [(null)] -- @2: '11/05/2017 18:48:02' (Type = DateTime2)

2017-05-11 19:49:29,715       [5] DEBUG JoelScottFitness.Data.JSFitnessContext [(null)] -- @3: '11/05/2017 18:59:02' (Type = DateTime2)

2017-05-11 19:49:29,717       [5] DEBUG JoelScottFitness.Data.JSFitnessContext [(null)] -- @4: '1' (Type = Int64)

2017-05-11 19:49:29,718       [5] DEBUG JoelScottFitness.Data.JSFitnessContext [(null)] -- Executing asynchronously at 11/05/2017 19:49:29 +01:00

2017-05-11 19:49:29,731       [8] DEBUG JoelScottFitness.Data.JSFitnessContext [(null)] -- Completed in 10 ms with result: 1

2017-05-11 19:49:29,739       [8] DEBUG JoelScottFitness.Data.JSFitnessContext [(null)] 

2017-05-11 19:49:29,749       [8] DEBUG JoelScottFitness.Data.JSFitnessContext [(null)] Committed transaction at 11/05/2017 19:49:29 +01:00

2017-05-11 19:49:29,751       [8] DEBUG JoelScottFitness.Data.JSFitnessContext [(null)] Closed connection at 11/05/2017 19:49:29 +01:00

2017-05-11 19:53:36,371       [8] DEBUG JoelScottFitness.Data.JSFitnessContext [(null)] Opened connection at 11/05/2017 19:53:36 +01:00

2017-05-11 19:53:36,383       [8] DEBUG JoelScottFitness.Data.JSFitnessContext [(null)] 
SELECT Count(*)
FROM INFORMATION_SCHEMA.TABLES AS t
WHERE t.TABLE_SCHEMA + '.' + t.TABLE_NAME IN ('dbo.Addresses','dbo.Blogs','dbo.Customers','dbo.Purchases','dbo.DiscountCodes','dbo.Items','dbo.AspNetUsers','dbo.AspNetUserClaims','dbo.AspNetUserLogins','dbo.AspNetUserRoles','dbo.Plans','dbo.AspNetRoles')
    OR t.TABLE_NAME = 'EdmMetadata'
2017-05-11 19:53:36,383       [8] DEBUG JoelScottFitness.Data.JSFitnessContext [(null)] 

2017-05-11 19:53:36,384       [8] DEBUG JoelScottFitness.Data.JSFitnessContext [(null)] -- Executing at 11/05/2017 19:53:36 +01:00

2017-05-11 19:53:36,387       [8] DEBUG JoelScottFitness.Data.JSFitnessContext [(null)] -- Completed in 2 ms with result: 12

2017-05-11 19:53:36,388       [8] DEBUG JoelScottFitness.Data.JSFitnessContext [(null)] 

2017-05-11 19:53:36,389       [8] DEBUG JoelScottFitness.Data.JSFitnessContext [(null)] Closed connection at 11/05/2017 19:53:36 +01:00

2017-05-11 19:53:36,444       [8] DEBUG JoelScottFitness.Data.JSFitnessContext [(null)] Opened connection at 11/05/2017 19:53:36 +01:00

2017-05-11 19:53:36,503       [8] DEBUG JoelScottFitness.Data.JSFitnessContext [(null)] SELECT 
    [GroupBy1].[A1] AS [C1]
    FROM ( SELECT 
        COUNT(1) AS [A1]
        FROM [dbo].[__MigrationHistory] AS [Extent1]
        WHERE [Extent1].[ContextKey] = @p__linq__0
    )  AS [GroupBy1]
2017-05-11 19:53:36,505       [8] DEBUG JoelScottFitness.Data.JSFitnessContext [(null)] 

2017-05-11 19:53:36,506       [8] DEBUG JoelScottFitness.Data.JSFitnessContext [(null)] -- p__linq__0: 'JoelScottFitness.Data.JSFitnessContext' (Type = String, Size = 4000)

2017-05-11 19:53:36,506       [8] DEBUG JoelScottFitness.Data.JSFitnessContext [(null)] -- Executing at 11/05/2017 19:53:36 +01:00

2017-05-11 19:53:36,509       [8] DEBUG JoelScottFitness.Data.JSFitnessContext [(null)] -- Completed in 1 ms with result: SqlDataReader

2017-05-11 19:53:36,509       [8] DEBUG JoelScottFitness.Data.JSFitnessContext [(null)] 

2017-05-11 19:53:36,513       [8] DEBUG JoelScottFitness.Data.JSFitnessContext [(null)] Closed connection at 11/05/2017 19:53:36 +01:00

2017-05-11 19:53:36,517       [8] DEBUG JoelScottFitness.Data.JSFitnessContext [(null)] Opened connection at 11/05/2017 19:53:36 +01:00

2017-05-11 19:53:36,523       [8] DEBUG JoelScottFitness.Data.JSFitnessContext [(null)] SELECT TOP (1) 
    [Project1].[C1] AS [C1], 
    [Project1].[MigrationId] AS [MigrationId], 
    [Project1].[Model] AS [Model], 
    [Project1].[ProductVersion] AS [ProductVersion]
    FROM ( SELECT 
        [Extent1].[MigrationId] AS [MigrationId], 
        [Extent1].[Model] AS [Model], 
        [Extent1].[ProductVersion] AS [ProductVersion], 
        1 AS [C1]
        FROM [dbo].[__MigrationHistory] AS [Extent1]
        WHERE [Extent1].[ContextKey] = @p__linq__0
    )  AS [Project1]
    ORDER BY [Project1].[MigrationId] DESC
2017-05-11 19:53:36,524       [8] DEBUG JoelScottFitness.Data.JSFitnessContext [(null)] 

2017-05-11 19:53:36,525       [8] DEBUG JoelScottFitness.Data.JSFitnessContext [(null)] -- p__linq__0: 'JoelScottFitness.Data.JSFitnessContext' (Type = String, Size = 4000)

2017-05-11 19:53:36,526       [8] DEBUG JoelScottFitness.Data.JSFitnessContext [(null)] -- Executing at 11/05/2017 19:53:36 +01:00

2017-05-11 19:53:36,528       [8] DEBUG JoelScottFitness.Data.JSFitnessContext [(null)] -- Completed in 1 ms with result: SqlDataReader

2017-05-11 19:53:36,528       [8] DEBUG JoelScottFitness.Data.JSFitnessContext [(null)] 

2017-05-11 19:53:36,529       [8] DEBUG JoelScottFitness.Data.JSFitnessContext [(null)] Closed connection at 11/05/2017 19:53:36 +01:00

2017-05-11 19:53:36,542       [8] DEBUG JoelScottFitness.Data.JSFitnessContext [(null)] Opened connection asynchronously at 11/05/2017 19:53:36 +01:00

2017-05-11 19:53:36,590       [8] DEBUG JoelScottFitness.Data.JSFitnessContext [(null)] SELECT 
    1 AS [C1], 
    [Extent1].[Id] AS [Id], 
    [Extent1].[Firstname] AS [Firstname], 
    [Extent1].[Surname] AS [Surname], 
    [Extent1].[EmailAddress] AS [EmailAddress], 
    [Extent1].[CreatedDate] AS [CreatedDate], 
    [Extent1].[ModifiedDate] AS [ModifiedDate], 
    [Extent1].[UserId] AS [UserId], 
    [Extent1].[BillingAddress_Id] AS [BillingAddress_Id]
    FROM [dbo].[Customers] AS [Extent1]
    WHERE [Extent1].[Id] = @p0
2017-05-11 19:53:36,592       [8] DEBUG JoelScottFitness.Data.JSFitnessContext [(null)] 

2017-05-11 19:53:36,592       [8] DEBUG JoelScottFitness.Data.JSFitnessContext [(null)] -- p0: '0' (Type = Int64)

2017-05-11 19:53:36,593       [8] DEBUG JoelScottFitness.Data.JSFitnessContext [(null)] -- Executing asynchronously at 11/05/2017 19:53:36 +01:00

2017-05-11 19:53:36,597       [7] DEBUG JoelScottFitness.Data.JSFitnessContext [(null)] -- Completed in 3 ms with result: SqlDataReader

2017-05-11 19:53:36,600       [7] DEBUG JoelScottFitness.Data.JSFitnessContext [(null)] 

2017-05-11 19:53:36,601       [7] DEBUG JoelScottFitness.Data.JSFitnessContext [(null)] Closed connection at 11/05/2017 19:53:36 +01:00

2017-05-11 19:54:30,309       [13] DEBUG JoelScottFitness.Data.JSFitnessContext [(null)] Opened connection asynchronously at 11/05/2017 19:54:30 +01:00

2017-05-11 19:54:30,312       [13] DEBUG JoelScottFitness.Data.JSFitnessContext [(null)] SELECT 
    1 AS [C1], 
    [Extent1].[Id] AS [Id], 
    [Extent1].[Firstname] AS [Firstname], 
    [Extent1].[Surname] AS [Surname], 
    [Extent1].[EmailAddress] AS [EmailAddress], 
    [Extent1].[CreatedDate] AS [CreatedDate], 
    [Extent1].[ModifiedDate] AS [ModifiedDate], 
    [Extent1].[UserId] AS [UserId], 
    [Extent1].[BillingAddress_Id] AS [BillingAddress_Id]
    FROM [dbo].[Customers] AS [Extent1]
    WHERE [Extent1].[Id] = @p0
2017-05-11 19:54:30,314       [13] DEBUG JoelScottFitness.Data.JSFitnessContext [(null)] 

2017-05-11 19:54:30,317       [13] DEBUG JoelScottFitness.Data.JSFitnessContext [(null)] -- p0: '0' (Type = Int64)

2017-05-11 19:54:30,319       [13] DEBUG JoelScottFitness.Data.JSFitnessContext [(null)] -- Executing asynchronously at 11/05/2017 19:54:30 +01:00

2017-05-11 19:54:30,329       [7] DEBUG JoelScottFitness.Data.JSFitnessContext [(null)] -- Completed in 5 ms with result: SqlDataReader

2017-05-11 19:54:30,332       [7] DEBUG JoelScottFitness.Data.JSFitnessContext [(null)] 

2017-05-11 19:54:30,336       [7] DEBUG JoelScottFitness.Data.JSFitnessContext [(null)] Closed connection at 11/05/2017 19:54:30 +01:00

2017-05-11 19:56:25,146       [8] DEBUG JoelScottFitness.Data.JSFitnessContext [(null)] Opened connection at 11/05/2017 19:56:25 +01:00

2017-05-11 19:56:25,158       [8] DEBUG JoelScottFitness.Data.JSFitnessContext [(null)] 
SELECT Count(*)
FROM INFORMATION_SCHEMA.TABLES AS t
WHERE t.TABLE_SCHEMA + '.' + t.TABLE_NAME IN ('dbo.Addresses','dbo.Blogs','dbo.Customers','dbo.Purchases','dbo.DiscountCodes','dbo.Items','dbo.AspNetUsers','dbo.AspNetUserClaims','dbo.AspNetUserLogins','dbo.AspNetUserRoles','dbo.Plans','dbo.AspNetRoles')
    OR t.TABLE_NAME = 'EdmMetadata'
2017-05-11 19:56:25,158       [8] DEBUG JoelScottFitness.Data.JSFitnessContext [(null)] 

2017-05-11 19:56:25,159       [8] DEBUG JoelScottFitness.Data.JSFitnessContext [(null)] -- Executing at 11/05/2017 19:56:25 +01:00

2017-05-11 19:56:25,163       [8] DEBUG JoelScottFitness.Data.JSFitnessContext [(null)] -- Completed in 3 ms with result: 12

2017-05-11 19:56:25,163       [8] DEBUG JoelScottFitness.Data.JSFitnessContext [(null)] 

2017-05-11 19:56:25,164       [8] DEBUG JoelScottFitness.Data.JSFitnessContext [(null)] Closed connection at 11/05/2017 19:56:25 +01:00

2017-05-11 19:56:25,219       [8] DEBUG JoelScottFitness.Data.JSFitnessContext [(null)] Opened connection at 11/05/2017 19:56:25 +01:00

2017-05-11 19:56:25,278       [8] DEBUG JoelScottFitness.Data.JSFitnessContext [(null)] SELECT 
    [GroupBy1].[A1] AS [C1]
    FROM ( SELECT 
        COUNT(1) AS [A1]
        FROM [dbo].[__MigrationHistory] AS [Extent1]
        WHERE [Extent1].[ContextKey] = @p__linq__0
    )  AS [GroupBy1]
2017-05-11 19:56:25,279       [8] DEBUG JoelScottFitness.Data.JSFitnessContext [(null)] 

2017-05-11 19:56:25,280       [8] DEBUG JoelScottFitness.Data.JSFitnessContext [(null)] -- p__linq__0: 'JoelScottFitness.Data.JSFitnessContext' (Type = String, Size = 4000)

2017-05-11 19:56:25,281       [8] DEBUG JoelScottFitness.Data.JSFitnessContext [(null)] -- Executing at 11/05/2017 19:56:25 +01:00

2017-05-11 19:56:25,282       [8] DEBUG JoelScottFitness.Data.JSFitnessContext [(null)] -- Completed in 1 ms with result: SqlDataReader

2017-05-11 19:56:25,283       [8] DEBUG JoelScottFitness.Data.JSFitnessContext [(null)] 

2017-05-11 19:56:25,287       [8] DEBUG JoelScottFitness.Data.JSFitnessContext [(null)] Closed connection at 11/05/2017 19:56:25 +01:00

2017-05-11 19:56:25,290       [8] DEBUG JoelScottFitness.Data.JSFitnessContext [(null)] Opened connection at 11/05/2017 19:56:25 +01:00

2017-05-11 19:56:25,297       [8] DEBUG JoelScottFitness.Data.JSFitnessContext [(null)] SELECT TOP (1) 
    [Project1].[C1] AS [C1], 
    [Project1].[MigrationId] AS [MigrationId], 
    [Project1].[Model] AS [Model], 
    [Project1].[ProductVersion] AS [ProductVersion]
    FROM ( SELECT 
        [Extent1].[MigrationId] AS [MigrationId], 
        [Extent1].[Model] AS [Model], 
        [Extent1].[ProductVersion] AS [ProductVersion], 
        1 AS [C1]
        FROM [dbo].[__MigrationHistory] AS [Extent1]
        WHERE [Extent1].[ContextKey] = @p__linq__0
    )  AS [Project1]
    ORDER BY [Project1].[MigrationId] DESC
2017-05-11 19:56:25,298       [8] DEBUG JoelScottFitness.Data.JSFitnessContext [(null)] 

2017-05-11 19:56:25,299       [8] DEBUG JoelScottFitness.Data.JSFitnessContext [(null)] -- p__linq__0: 'JoelScottFitness.Data.JSFitnessContext' (Type = String, Size = 4000)

2017-05-11 19:56:25,300       [8] DEBUG JoelScottFitness.Data.JSFitnessContext [(null)] -- Executing at 11/05/2017 19:56:25 +01:00

2017-05-11 19:56:25,301       [8] DEBUG JoelScottFitness.Data.JSFitnessContext [(null)] -- Completed in 1 ms with result: SqlDataReader

2017-05-11 19:56:25,302       [8] DEBUG JoelScottFitness.Data.JSFitnessContext [(null)] 

2017-05-11 19:56:25,303       [8] DEBUG JoelScottFitness.Data.JSFitnessContext [(null)] Closed connection at 11/05/2017 19:56:25 +01:00

2017-05-11 19:56:25,318       [8] DEBUG JoelScottFitness.Data.JSFitnessContext [(null)] Opened connection asynchronously at 11/05/2017 19:56:25 +01:00

2017-05-11 19:56:25,365       [8] DEBUG JoelScottFitness.Data.JSFitnessContext [(null)] SELECT 
    1 AS [C1], 
    [Extent1].[Id] AS [Id], 
    [Extent1].[Firstname] AS [Firstname], 
    [Extent1].[Surname] AS [Surname], 
    [Extent1].[EmailAddress] AS [EmailAddress], 
    [Extent1].[CreatedDate] AS [CreatedDate], 
    [Extent1].[ModifiedDate] AS [ModifiedDate], 
    [Extent1].[UserId] AS [UserId], 
    [Extent1].[BillingAddress_Id] AS [BillingAddress_Id]
    FROM [dbo].[Customers] AS [Extent1]
    WHERE [Extent1].[Id] = @p0
2017-05-11 19:56:25,367       [8] DEBUG JoelScottFitness.Data.JSFitnessContext [(null)] 

2017-05-11 19:56:25,368       [8] DEBUG JoelScottFitness.Data.JSFitnessContext [(null)] -- p0: '0' (Type = Int64)

2017-05-11 19:56:25,369       [8] DEBUG JoelScottFitness.Data.JSFitnessContext [(null)] -- Executing asynchronously at 11/05/2017 19:56:25 +01:00

2017-05-11 19:56:25,373       [10] DEBUG JoelScottFitness.Data.JSFitnessContext [(null)] -- Completed in 2 ms with result: SqlDataReader

2017-05-11 19:56:25,374       [10] DEBUG JoelScottFitness.Data.JSFitnessContext [(null)] 

2017-05-11 19:56:25,386       [10] DEBUG JoelScottFitness.Data.JSFitnessContext [(null)] Closed connection at 11/05/2017 19:56:25 +01:00

2017-05-11 19:56:39,206       [14] DEBUG JoelScottFitness.Data.JSFitnessContext [(null)] Opened connection asynchronously at 11/05/2017 19:56:39 +01:00

2017-05-11 19:56:39,209       [14] DEBUG JoelScottFitness.Data.JSFitnessContext [(null)] Started transaction at 11/05/2017 19:56:39 +01:00

2017-05-11 19:56:39,225       [14] DEBUG JoelScottFitness.Data.JSFitnessContext [(null)] INSERT [dbo].[Addresses]([AddressLine1], [AddressLine2], [AddressLine3], [City], [Region], [PostCode], [Country], [CountryCode])
VALUES (@0, @1, @2, @3, @4, @5, @6, @7)
SELECT [Id]
FROM [dbo].[Addresses]
WHERE @@ROWCOUNT > 0 AND [Id] = scope_identity()
2017-05-11 19:56:39,226       [14] DEBUG JoelScottFitness.Data.JSFitnessContext [(null)] 

2017-05-11 19:56:39,227       [14] DEBUG JoelScottFitness.Data.JSFitnessContext [(null)] -- @0: '19 Alexandra Grove' (Type = String, Size = -1)

2017-05-11 19:56:39,228       [14] DEBUG JoelScottFitness.Data.JSFitnessContext [(null)] -- @1: 'Test' (Type = String, Size = -1)

2017-05-11 19:56:39,229       [14] DEBUG JoelScottFitness.Data.JSFitnessContext [(null)] -- @2: 'Test2' (Type = String, Size = -1)

2017-05-11 19:56:39,230       [14] DEBUG JoelScottFitness.Data.JSFitnessContext [(null)] -- @3: 'Runcorn' (Type = String, Size = -1)

2017-05-11 19:56:39,231       [14] DEBUG JoelScottFitness.Data.JSFitnessContext [(null)] -- @4: 'Cheshire' (Type = String, Size = -1)

2017-05-11 19:56:39,232       [14] DEBUG JoelScottFitness.Data.JSFitnessContext [(null)] -- @5: 'WA75DZ' (Type = String, Size = -1)

2017-05-11 19:56:39,235       [14] DEBUG JoelScottFitness.Data.JSFitnessContext [(null)] -- @6: 'UK' (Type = String, Size = -1)

2017-05-11 19:56:39,236       [14] DEBUG JoelScottFitness.Data.JSFitnessContext [(null)] -- @7: 'UK' (Type = String, Size = -1)

2017-05-11 19:56:39,237       [14] DEBUG JoelScottFitness.Data.JSFitnessContext [(null)] -- Executing asynchronously at 11/05/2017 19:56:39 +01:00

2017-05-11 19:56:39,257       [7] DEBUG JoelScottFitness.Data.JSFitnessContext [(null)] -- Completed in 18 ms with result: SqlDataReader

2017-05-11 19:56:39,259       [7] DEBUG JoelScottFitness.Data.JSFitnessContext [(null)] 

2017-05-11 19:56:39,262       [7] DEBUG JoelScottFitness.Data.JSFitnessContext [(null)] INSERT [dbo].[Customers]([Firstname], [Surname], [EmailAddress], [CreatedDate], [ModifiedDate], [UserId], [BillingAddress_Id])
VALUES (@0, @1, @2, @3, @4, NULL, @5)
SELECT [Id]
FROM [dbo].[Customers]
WHERE @@ROWCOUNT > 0 AND [Id] = scope_identity()
2017-05-11 19:56:39,264       [7] DEBUG JoelScottFitness.Data.JSFitnessContext [(null)] 

2017-05-11 19:56:39,266       [7] DEBUG JoelScottFitness.Data.JSFitnessContext [(null)] -- @0: 'Simon' (Type = String, Size = -1)

2017-05-11 19:56:39,267       [7] DEBUG JoelScottFitness.Data.JSFitnessContext [(null)] -- @1: 'Blackmore' (Type = String, Size = -1)

2017-05-11 19:56:39,269       [7] DEBUG JoelScottFitness.Data.JSFitnessContext [(null)] -- @2: 'Blackmore__s@hotmail.com' (Type = String, Size = -1)

2017-05-11 19:56:39,270       [7] DEBUG JoelScottFitness.Data.JSFitnessContext [(null)] -- @3: '11/05/2017 18:55:56' (Type = DateTime2)

2017-05-11 19:56:39,272       [7] DEBUG JoelScottFitness.Data.JSFitnessContext [(null)] -- @4: '01/01/0001 00:00:00' (Type = DateTime2)

2017-05-11 19:56:39,274       [7] DEBUG JoelScottFitness.Data.JSFitnessContext [(null)] -- @5: '1' (Type = Int64)

2017-05-11 19:56:39,292       [7] DEBUG JoelScottFitness.Data.JSFitnessContext [(null)] -- Executing asynchronously at 11/05/2017 19:56:39 +01:00

2017-05-11 19:56:39,303       [11] DEBUG JoelScottFitness.Data.JSFitnessContext [(null)] -- Failed in 10 ms with error: The conversion of a datetime2 data type to a datetime data type resulted in an out-of-range value.
The statement has been terminated.

2017-05-11 19:56:39,304       [11] DEBUG JoelScottFitness.Data.JSFitnessContext [(null)] 

2017-05-11 19:56:39,314       [11] DEBUG JoelScottFitness.Data.JSFitnessContext [(null)] Closed connection at 11/05/2017 19:56:39 +01:00

2017-05-11 19:56:39,361       [14] WARN  JoelScottFitness.Data.JSFitnessRespository [(null)] An exception occured update the database, details - 'An error occurred while saving entities that do not expose foreign key properties for their relationships. The EntityEntries property will return null because a single entity cannot be identified as the source of the exception. Handling of exceptions while saving can be made easier by exposing foreign key properties in your entity types. See the InnerException for details.'.
2017-05-11 19:57:01,151       [14] DEBUG JoelScottFitness.Data.JSFitnessContext [(null)] Opened connection asynchronously at 11/05/2017 19:57:01 +01:00

2017-05-11 19:57:01,184       [14] DEBUG JoelScottFitness.Data.JSFitnessContext [(null)] Started transaction at 11/05/2017 19:57:01 +01:00

2017-05-11 19:57:01,188       [14] DEBUG JoelScottFitness.Data.JSFitnessContext [(null)] INSERT [dbo].[Addresses]([AddressLine1], [AddressLine2], [AddressLine3], [City], [Region], [PostCode], [Country], [CountryCode])
VALUES (@0, @1, @2, @3, @4, @5, @6, @7)
SELECT [Id]
FROM [dbo].[Addresses]
WHERE @@ROWCOUNT > 0 AND [Id] = scope_identity()
2017-05-11 19:57:01,192       [14] DEBUG JoelScottFitness.Data.JSFitnessContext [(null)] 

2017-05-11 19:57:01,193       [14] DEBUG JoelScottFitness.Data.JSFitnessContext [(null)] -- @0: '19 Alexandra Grove' (Type = String, Size = -1)

2017-05-11 19:57:01,193       [14] DEBUG JoelScottFitness.Data.JSFitnessContext [(null)] -- @1: 'Test' (Type = String, Size = -1)

2017-05-11 19:57:01,194       [14] DEBUG JoelScottFitness.Data.JSFitnessContext [(null)] -- @2: 'Test2' (Type = String, Size = -1)

2017-05-11 19:57:01,195       [14] DEBUG JoelScottFitness.Data.JSFitnessContext [(null)] -- @3: 'Runcorn' (Type = String, Size = -1)

2017-05-11 19:57:01,196       [14] DEBUG JoelScottFitness.Data.JSFitnessContext [(null)] -- @4: 'Cheshire' (Type = String, Size = -1)

2017-05-11 19:57:01,196       [14] DEBUG JoelScottFitness.Data.JSFitnessContext [(null)] -- @5: 'WA75DZ' (Type = String, Size = -1)

2017-05-11 19:57:01,197       [14] DEBUG JoelScottFitness.Data.JSFitnessContext [(null)] -- @6: 'UK' (Type = String, Size = -1)

2017-05-11 19:57:01,198       [14] DEBUG JoelScottFitness.Data.JSFitnessContext [(null)] -- @7: 'UK' (Type = String, Size = -1)

2017-05-11 19:57:01,199       [14] DEBUG JoelScottFitness.Data.JSFitnessContext [(null)] -- Executing asynchronously at 11/05/2017 19:57:01 +01:00

2017-05-11 19:57:01,205       [7] DEBUG JoelScottFitness.Data.JSFitnessContext [(null)] -- Completed in 5 ms with result: SqlDataReader

2017-05-11 19:57:01,208       [7] DEBUG JoelScottFitness.Data.JSFitnessContext [(null)] 

2017-05-11 19:57:01,209       [7] DEBUG JoelScottFitness.Data.JSFitnessContext [(null)] INSERT [dbo].[Customers]([Firstname], [Surname], [EmailAddress], [CreatedDate], [ModifiedDate], [UserId], [BillingAddress_Id])
VALUES (@0, @1, @2, @3, @4, NULL, @5)
SELECT [Id]
FROM [dbo].[Customers]
WHERE @@ROWCOUNT > 0 AND [Id] = scope_identity()
2017-05-11 19:57:01,216       [7] DEBUG JoelScottFitness.Data.JSFitnessContext [(null)] 

2017-05-11 19:57:01,217       [7] DEBUG JoelScottFitness.Data.JSFitnessContext [(null)] -- @0: 'Simon' (Type = String, Size = -1)

2017-05-11 19:57:01,218       [7] DEBUG JoelScottFitness.Data.JSFitnessContext [(null)] -- @1: 'Blackmore' (Type = String, Size = -1)

2017-05-11 19:57:01,220       [7] DEBUG JoelScottFitness.Data.JSFitnessContext [(null)] -- @2: 'Blackmore__s@hotmail.com' (Type = String, Size = -1)

2017-05-11 19:57:01,222       [7] DEBUG JoelScottFitness.Data.JSFitnessContext [(null)] -- @3: '11/05/2017 18:55:56' (Type = DateTime2)

2017-05-11 19:57:01,225       [7] DEBUG JoelScottFitness.Data.JSFitnessContext [(null)] -- @4: '01/01/0001 00:00:00' (Type = DateTime2)

2017-05-11 19:57:01,227       [7] DEBUG JoelScottFitness.Data.JSFitnessContext [(null)] -- @5: '2' (Type = Int64)

2017-05-11 19:57:01,228       [7] DEBUG JoelScottFitness.Data.JSFitnessContext [(null)] -- Executing asynchronously at 11/05/2017 19:57:01 +01:00

2017-05-11 19:57:01,235       [11] DEBUG JoelScottFitness.Data.JSFitnessContext [(null)] -- Failed in 3 ms with error: The conversion of a datetime2 data type to a datetime data type resulted in an out-of-range value.
The statement has been terminated.

2017-05-11 19:57:01,237       [11] DEBUG JoelScottFitness.Data.JSFitnessContext [(null)] 

2017-05-11 19:57:01,241       [11] DEBUG JoelScottFitness.Data.JSFitnessContext [(null)] Closed connection at 11/05/2017 19:57:01 +01:00

2017-05-11 19:59:41,954       [7] DEBUG JoelScottFitness.Data.JSFitnessContext [(null)] Opened connection at 11/05/2017 19:59:41 +01:00

2017-05-11 19:59:41,966       [7] DEBUG JoelScottFitness.Data.JSFitnessContext [(null)] 
SELECT Count(*)
FROM INFORMATION_SCHEMA.TABLES AS t
WHERE t.TABLE_SCHEMA + '.' + t.TABLE_NAME IN ('dbo.Addresses','dbo.Blogs','dbo.Customers','dbo.Purchases','dbo.DiscountCodes','dbo.Items','dbo.AspNetUsers','dbo.AspNetUserClaims','dbo.AspNetUserLogins','dbo.AspNetUserRoles','dbo.Plans','dbo.AspNetRoles')
    OR t.TABLE_NAME = 'EdmMetadata'
2017-05-11 19:59:41,966       [7] DEBUG JoelScottFitness.Data.JSFitnessContext [(null)] 

2017-05-11 19:59:41,967       [7] DEBUG JoelScottFitness.Data.JSFitnessContext [(null)] -- Executing at 11/05/2017 19:59:41 +01:00

2017-05-11 19:59:41,988       [7] DEBUG JoelScottFitness.Data.JSFitnessContext [(null)] -- Completed in 19 ms with result: 12

2017-05-11 19:59:41,988       [7] DEBUG JoelScottFitness.Data.JSFitnessContext [(null)] 

2017-05-11 19:59:41,989       [7] DEBUG JoelScottFitness.Data.JSFitnessContext [(null)] Closed connection at 11/05/2017 19:59:41 +01:00

2017-05-11 19:59:42,050       [7] DEBUG JoelScottFitness.Data.JSFitnessContext [(null)] Opened connection at 11/05/2017 19:59:42 +01:00

2017-05-11 19:59:42,106       [7] DEBUG JoelScottFitness.Data.JSFitnessContext [(null)] SELECT 
    [GroupBy1].[A1] AS [C1]
    FROM ( SELECT 
        COUNT(1) AS [A1]
        FROM [dbo].[__MigrationHistory] AS [Extent1]
        WHERE [Extent1].[ContextKey] = @p__linq__0
    )  AS [GroupBy1]
2017-05-11 19:59:42,107       [7] DEBUG JoelScottFitness.Data.JSFitnessContext [(null)] 

2017-05-11 19:59:42,107       [7] DEBUG JoelScottFitness.Data.JSFitnessContext [(null)] -- p__linq__0: 'JoelScottFitness.Data.JSFitnessContext' (Type = String, Size = 4000)

2017-05-11 19:59:42,108       [7] DEBUG JoelScottFitness.Data.JSFitnessContext [(null)] -- Executing at 11/05/2017 19:59:42 +01:00

2017-05-11 19:59:42,116       [7] DEBUG JoelScottFitness.Data.JSFitnessContext [(null)] -- Completed in 5 ms with result: SqlDataReader

2017-05-11 19:59:42,116       [7] DEBUG JoelScottFitness.Data.JSFitnessContext [(null)] 

2017-05-11 19:59:42,120       [7] DEBUG JoelScottFitness.Data.JSFitnessContext [(null)] Closed connection at 11/05/2017 19:59:42 +01:00

2017-05-11 19:59:42,123       [7] DEBUG JoelScottFitness.Data.JSFitnessContext [(null)] Opened connection at 11/05/2017 19:59:42 +01:00

2017-05-11 19:59:42,129       [7] DEBUG JoelScottFitness.Data.JSFitnessContext [(null)] SELECT TOP (1) 
    [Project1].[C1] AS [C1], 
    [Project1].[MigrationId] AS [MigrationId], 
    [Project1].[Model] AS [Model], 
    [Project1].[ProductVersion] AS [ProductVersion]
    FROM ( SELECT 
        [Extent1].[MigrationId] AS [MigrationId], 
        [Extent1].[Model] AS [Model], 
        [Extent1].[ProductVersion] AS [ProductVersion], 
        1 AS [C1]
        FROM [dbo].[__MigrationHistory] AS [Extent1]
        WHERE [Extent1].[ContextKey] = @p__linq__0
    )  AS [Project1]
    ORDER BY [Project1].[MigrationId] DESC
2017-05-11 19:59:42,132       [7] DEBUG JoelScottFitness.Data.JSFitnessContext [(null)] 

2017-05-11 19:59:42,132       [7] DEBUG JoelScottFitness.Data.JSFitnessContext [(null)] -- p__linq__0: 'JoelScottFitness.Data.JSFitnessContext' (Type = String, Size = 4000)

2017-05-11 19:59:42,133       [7] DEBUG JoelScottFitness.Data.JSFitnessContext [(null)] -- Executing at 11/05/2017 19:59:42 +01:00

2017-05-11 19:59:42,136       [7] DEBUG JoelScottFitness.Data.JSFitnessContext [(null)] -- Completed in 2 ms with result: SqlDataReader

2017-05-11 19:59:42,137       [7] DEBUG JoelScottFitness.Data.JSFitnessContext [(null)] 

2017-05-11 19:59:42,140       [7] DEBUG JoelScottFitness.Data.JSFitnessContext [(null)] Closed connection at 11/05/2017 19:59:42 +01:00

2017-05-11 19:59:42,155       [7] DEBUG JoelScottFitness.Data.JSFitnessContext [(null)] Opened connection asynchronously at 11/05/2017 19:59:42 +01:00

2017-05-11 19:59:42,200       [7] DEBUG JoelScottFitness.Data.JSFitnessContext [(null)] SELECT 
    1 AS [C1], 
    [Extent1].[Id] AS [Id], 
    [Extent1].[Firstname] AS [Firstname], 
    [Extent1].[Surname] AS [Surname], 
    [Extent1].[EmailAddress] AS [EmailAddress], 
    [Extent1].[CreatedDate] AS [CreatedDate], 
    [Extent1].[ModifiedDate] AS [ModifiedDate], 
    [Extent1].[UserId] AS [UserId], 
    [Extent1].[BillingAddress_Id] AS [BillingAddress_Id]
    FROM [dbo].[Customers] AS [Extent1]
    WHERE [Extent1].[Id] = @p0
2017-05-11 19:59:42,201       [7] DEBUG JoelScottFitness.Data.JSFitnessContext [(null)] 

2017-05-11 19:59:42,202       [7] DEBUG JoelScottFitness.Data.JSFitnessContext [(null)] -- p0: '0' (Type = Int64)

2017-05-11 19:59:42,202       [7] DEBUG JoelScottFitness.Data.JSFitnessContext [(null)] -- Executing asynchronously at 11/05/2017 19:59:42 +01:00

2017-05-11 19:59:42,233       [10] DEBUG JoelScottFitness.Data.JSFitnessContext [(null)] -- Completed in 29 ms with result: SqlDataReader

2017-05-11 19:59:42,234       [10] DEBUG JoelScottFitness.Data.JSFitnessContext [(null)] 

2017-05-11 19:59:42,235       [10] DEBUG JoelScottFitness.Data.JSFitnessContext [(null)] Closed connection at 11/05/2017 19:59:42 +01:00

2017-05-11 19:59:50,760       [14] DEBUG JoelScottFitness.Data.JSFitnessContext [(null)] Opened connection asynchronously at 11/05/2017 19:59:50 +01:00

2017-05-11 19:59:50,762       [14] DEBUG JoelScottFitness.Data.JSFitnessContext [(null)] Started transaction at 11/05/2017 19:59:50 +01:00

2017-05-11 19:59:50,778       [14] DEBUG JoelScottFitness.Data.JSFitnessContext [(null)] INSERT [dbo].[Addresses]([AddressLine1], [AddressLine2], [AddressLine3], [City], [Region], [PostCode], [Country], [CountryCode])
VALUES (@0, @1, @2, @3, @4, @5, @6, @7)
SELECT [Id]
FROM [dbo].[Addresses]
WHERE @@ROWCOUNT > 0 AND [Id] = scope_identity()
2017-05-11 19:59:50,781       [14] DEBUG JoelScottFitness.Data.JSFitnessContext [(null)] 

2017-05-11 19:59:50,782       [14] DEBUG JoelScottFitness.Data.JSFitnessContext [(null)] -- @0: '19 Alexandra Grove' (Type = String, Size = -1)

2017-05-11 19:59:50,783       [14] DEBUG JoelScottFitness.Data.JSFitnessContext [(null)] -- @1: 'Test' (Type = String, Size = -1)

2017-05-11 19:59:50,784       [14] DEBUG JoelScottFitness.Data.JSFitnessContext [(null)] -- @2: 'Test2' (Type = String, Size = -1)

2017-05-11 19:59:50,785       [14] DEBUG JoelScottFitness.Data.JSFitnessContext [(null)] -- @3: 'Runcorn' (Type = String, Size = -1)

2017-05-11 19:59:50,788       [14] DEBUG JoelScottFitness.Data.JSFitnessContext [(null)] -- @4: 'Cheshire' (Type = String, Size = -1)

2017-05-11 19:59:50,789       [14] DEBUG JoelScottFitness.Data.JSFitnessContext [(null)] -- @5: 'WA75DZ' (Type = String, Size = -1)

2017-05-11 19:59:50,791       [14] DEBUG JoelScottFitness.Data.JSFitnessContext [(null)] -- @6: 'UK' (Type = String, Size = -1)

2017-05-11 19:59:50,792       [14] DEBUG JoelScottFitness.Data.JSFitnessContext [(null)] -- @7: 'UK' (Type = String, Size = -1)

2017-05-11 19:59:50,793       [14] DEBUG JoelScottFitness.Data.JSFitnessContext [(null)] -- Executing asynchronously at 11/05/2017 19:59:50 +01:00

2017-05-11 19:59:50,799       [10] DEBUG JoelScottFitness.Data.JSFitnessContext [(null)] -- Completed in 4 ms with result: SqlDataReader

2017-05-11 19:59:50,820       [10] DEBUG JoelScottFitness.Data.JSFitnessContext [(null)] 

2017-05-11 19:59:50,830       [10] DEBUG JoelScottFitness.Data.JSFitnessContext [(null)] INSERT [dbo].[Customers]([Firstname], [Surname], [EmailAddress], [CreatedDate], [ModifiedDate], [UserId], [BillingAddress_Id])
VALUES (@0, @1, @2, @3, NULL, NULL, @4)
SELECT [Id]
FROM [dbo].[Customers]
WHERE @@ROWCOUNT > 0 AND [Id] = scope_identity()
2017-05-11 19:59:50,832       [10] DEBUG JoelScottFitness.Data.JSFitnessContext [(null)] 

2017-05-11 19:59:50,833       [10] DEBUG JoelScottFitness.Data.JSFitnessContext [(null)] -- @0: 'Simon' (Type = String, Size = -1)

2017-05-11 19:59:50,835       [10] DEBUG JoelScottFitness.Data.JSFitnessContext [(null)] -- @1: 'Blackmore' (Type = String, Size = -1)

2017-05-11 19:59:50,836       [10] DEBUG JoelScottFitness.Data.JSFitnessContext [(null)] -- @2: 'Blackmore__s@hotmail.com' (Type = String, Size = -1)

2017-05-11 19:59:50,838       [10] DEBUG JoelScottFitness.Data.JSFitnessContext [(null)] -- @3: '11/05/2017 18:59:16' (Type = DateTime2)

2017-05-11 19:59:50,840       [10] DEBUG JoelScottFitness.Data.JSFitnessContext [(null)] -- @4: '3' (Type = Int64)

2017-05-11 19:59:50,842       [10] DEBUG JoelScottFitness.Data.JSFitnessContext [(null)] -- Executing asynchronously at 11/05/2017 19:59:50 +01:00

2017-05-11 19:59:50,851       [14] DEBUG JoelScottFitness.Data.JSFitnessContext [(null)] -- Completed in 8 ms with result: SqlDataReader

2017-05-11 19:59:50,853       [14] DEBUG JoelScottFitness.Data.JSFitnessContext [(null)] 

2017-05-11 19:59:50,857       [14] DEBUG JoelScottFitness.Data.JSFitnessContext [(null)] Committed transaction at 11/05/2017 19:59:50 +01:00

2017-05-11 19:59:50,859       [14] DEBUG JoelScottFitness.Data.JSFitnessContext [(null)] Closed connection at 11/05/2017 19:59:50 +01:00

2017-05-11 20:01:31,649       [8] DEBUG JoelScottFitness.Data.JSFitnessContext [(null)] Opened connection at 11/05/2017 20:01:31 +01:00

2017-05-11 20:01:31,661       [8] DEBUG JoelScottFitness.Data.JSFitnessContext [(null)] 
SELECT Count(*)
FROM INFORMATION_SCHEMA.TABLES AS t
WHERE t.TABLE_SCHEMA + '.' + t.TABLE_NAME IN ('dbo.Addresses','dbo.Blogs','dbo.Customers','dbo.Purchases','dbo.DiscountCodes','dbo.Items','dbo.AspNetUsers','dbo.AspNetUserClaims','dbo.AspNetUserLogins','dbo.AspNetUserRoles','dbo.Plans','dbo.AspNetRoles')
    OR t.TABLE_NAME = 'EdmMetadata'
2017-05-11 20:01:31,662       [8] DEBUG JoelScottFitness.Data.JSFitnessContext [(null)] 

2017-05-11 20:01:31,663       [8] DEBUG JoelScottFitness.Data.JSFitnessContext [(null)] -- Executing at 11/05/2017 20:01:31 +01:00

2017-05-11 20:01:31,667       [8] DEBUG JoelScottFitness.Data.JSFitnessContext [(null)] -- Completed in 2 ms with result: 12

2017-05-11 20:01:31,667       [8] DEBUG JoelScottFitness.Data.JSFitnessContext [(null)] 

2017-05-11 20:01:31,668       [8] DEBUG JoelScottFitness.Data.JSFitnessContext [(null)] Closed connection at 11/05/2017 20:01:31 +01:00

2017-05-11 20:01:31,724       [8] DEBUG JoelScottFitness.Data.JSFitnessContext [(null)] Opened connection at 11/05/2017 20:01:31 +01:00

2017-05-11 20:01:31,782       [8] DEBUG JoelScottFitness.Data.JSFitnessContext [(null)] SELECT 
    [GroupBy1].[A1] AS [C1]
    FROM ( SELECT 
        COUNT(1) AS [A1]
        FROM [dbo].[__MigrationHistory] AS [Extent1]
        WHERE [Extent1].[ContextKey] = @p__linq__0
    )  AS [GroupBy1]
2017-05-11 20:01:31,784       [8] DEBUG JoelScottFitness.Data.JSFitnessContext [(null)] 

2017-05-11 20:01:31,787       [8] DEBUG JoelScottFitness.Data.JSFitnessContext [(null)] -- p__linq__0: 'JoelScottFitness.Data.JSFitnessContext' (Type = String, Size = 4000)

2017-05-11 20:01:31,788       [8] DEBUG JoelScottFitness.Data.JSFitnessContext [(null)] -- Executing at 11/05/2017 20:01:31 +01:00

2017-05-11 20:01:31,790       [8] DEBUG JoelScottFitness.Data.JSFitnessContext [(null)] -- Completed in 1 ms with result: SqlDataReader

2017-05-11 20:01:31,791       [8] DEBUG JoelScottFitness.Data.JSFitnessContext [(null)] 

2017-05-11 20:01:31,796       [8] DEBUG JoelScottFitness.Data.JSFitnessContext [(null)] Closed connection at 11/05/2017 20:01:31 +01:00

2017-05-11 20:01:31,800       [8] DEBUG JoelScottFitness.Data.JSFitnessContext [(null)] Opened connection at 11/05/2017 20:01:31 +01:00

2017-05-11 20:01:31,808       [8] DEBUG JoelScottFitness.Data.JSFitnessContext [(null)] SELECT TOP (1) 
    [Project1].[C1] AS [C1], 
    [Project1].[MigrationId] AS [MigrationId], 
    [Project1].[Model] AS [Model], 
    [Project1].[ProductVersion] AS [ProductVersion]
    FROM ( SELECT 
        [Extent1].[MigrationId] AS [MigrationId], 
        [Extent1].[Model] AS [Model], 
        [Extent1].[ProductVersion] AS [ProductVersion], 
        1 AS [C1]
        FROM [dbo].[__MigrationHistory] AS [Extent1]
        WHERE [Extent1].[ContextKey] = @p__linq__0
    )  AS [Project1]
    ORDER BY [Project1].[MigrationId] DESC
2017-05-11 20:01:31,809       [8] DEBUG JoelScottFitness.Data.JSFitnessContext [(null)] 

2017-05-11 20:01:31,811       [8] DEBUG JoelScottFitness.Data.JSFitnessContext [(null)] -- p__linq__0: 'JoelScottFitness.Data.JSFitnessContext' (Type = String, Size = 4000)

2017-05-11 20:01:31,812       [8] DEBUG JoelScottFitness.Data.JSFitnessContext [(null)] -- Executing at 11/05/2017 20:01:31 +01:00

2017-05-11 20:01:31,814       [8] DEBUG JoelScottFitness.Data.JSFitnessContext [(null)] -- Completed in 1 ms with result: SqlDataReader

2017-05-11 20:01:31,814       [8] DEBUG JoelScottFitness.Data.JSFitnessContext [(null)] 

2017-05-11 20:01:31,815       [8] DEBUG JoelScottFitness.Data.JSFitnessContext [(null)] Closed connection at 11/05/2017 20:01:31 +01:00

2017-05-11 20:01:31,829       [8] DEBUG JoelScottFitness.Data.JSFitnessContext [(null)] Opened connection asynchronously at 11/05/2017 20:01:31 +01:00

2017-05-11 20:01:31,874       [8] DEBUG JoelScottFitness.Data.JSFitnessContext [(null)] SELECT 
    1 AS [C1], 
    [Extent1].[Id] AS [Id], 
    [Extent1].[Firstname] AS [Firstname], 
    [Extent1].[Surname] AS [Surname], 
    [Extent1].[EmailAddress] AS [EmailAddress], 
    [Extent1].[CreatedDate] AS [CreatedDate], 
    [Extent1].[ModifiedDate] AS [ModifiedDate], 
    [Extent1].[UserId] AS [UserId], 
    [Extent1].[BillingAddress_Id] AS [BillingAddress_Id]
    FROM [dbo].[Customers] AS [Extent1]
    WHERE [Extent1].[Id] = @p0
2017-05-11 20:01:31,875       [8] DEBUG JoelScottFitness.Data.JSFitnessContext [(null)] 

2017-05-11 20:01:31,875       [8] DEBUG JoelScottFitness.Data.JSFitnessContext [(null)] -- p0: '3' (Type = Int64)

2017-05-11 20:01:31,876       [8] DEBUG JoelScottFitness.Data.JSFitnessContext [(null)] -- Executing asynchronously at 11/05/2017 20:01:31 +01:00

2017-05-11 20:01:31,879       [10] DEBUG JoelScottFitness.Data.JSFitnessContext [(null)] -- Completed in 2 ms with result: SqlDataReader

2017-05-11 20:01:31,880       [10] DEBUG JoelScottFitness.Data.JSFitnessContext [(null)] 

2017-05-11 20:01:31,910       [10] DEBUG JoelScottFitness.Data.JSFitnessContext [(null)] Closed connection at 11/05/2017 20:01:31 +01:00

2017-05-11 20:02:03,776       [10] DEBUG JoelScottFitness.Data.JSFitnessContext [(null)] Opened connection asynchronously at 11/05/2017 20:02:03 +01:00

2017-05-11 20:02:03,792       [10] DEBUG JoelScottFitness.Data.JSFitnessContext [(null)] SELECT 
    1 AS [C1], 
    [Extent1].[Id] AS [Id], 
    [Extent1].[Firstname] AS [Firstname], 
    [Extent1].[Surname] AS [Surname], 
    [Extent1].[EmailAddress] AS [EmailAddress], 
    [Extent1].[CreatedDate] AS [CreatedDate], 
    [Extent1].[ModifiedDate] AS [ModifiedDate], 
    [Extent1].[UserId] AS [UserId], 
    [Extent1].[BillingAddress_Id] AS [BillingAddress_Id]
    FROM [dbo].[Customers] AS [Extent1]
    WHERE [Extent1].[Id] = @p0
2017-05-11 20:02:03,800       [10] DEBUG JoelScottFitness.Data.JSFitnessContext [(null)] 

2017-05-11 20:02:03,802       [10] DEBUG JoelScottFitness.Data.JSFitnessContext [(null)] -- p0: '3' (Type = Int64)

2017-05-11 20:02:03,803       [10] DEBUG JoelScottFitness.Data.JSFitnessContext [(null)] -- Executing asynchronously at 11/05/2017 20:02:03 +01:00

2017-05-11 20:02:06,339       [11] DEBUG JoelScottFitness.Data.JSFitnessContext [(null)] -- Completed in 6 ms with result: SqlDataReader

2017-05-11 20:02:06,393       [11] DEBUG JoelScottFitness.Data.JSFitnessContext [(null)] 

2017-05-11 20:02:06,395       [11] DEBUG JoelScottFitness.Data.JSFitnessContext [(null)] Closed connection at 11/05/2017 20:02:06 +01:00

2017-05-11 20:02:18,877       [14] DEBUG JoelScottFitness.Data.JSFitnessContext [(null)] Opened connection asynchronously at 11/05/2017 20:02:18 +01:00

2017-05-11 20:02:18,880       [14] DEBUG JoelScottFitness.Data.JSFitnessContext [(null)] SELECT 
    1 AS [C1], 
    [Extent1].[Id] AS [Id], 
    [Extent1].[Firstname] AS [Firstname], 
    [Extent1].[Surname] AS [Surname], 
    [Extent1].[EmailAddress] AS [EmailAddress], 
    [Extent1].[CreatedDate] AS [CreatedDate], 
    [Extent1].[ModifiedDate] AS [ModifiedDate], 
    [Extent1].[UserId] AS [UserId], 
    [Extent1].[BillingAddress_Id] AS [BillingAddress_Id]
    FROM [dbo].[Customers] AS [Extent1]
    WHERE [Extent1].[Id] = @p0
2017-05-11 20:02:18,882       [14] DEBUG JoelScottFitness.Data.JSFitnessContext [(null)] 

2017-05-11 20:02:18,883       [14] DEBUG JoelScottFitness.Data.JSFitnessContext [(null)] -- p0: '3' (Type = Int64)

2017-05-11 20:02:18,885       [14] DEBUG JoelScottFitness.Data.JSFitnessContext [(null)] -- Executing asynchronously at 11/05/2017 20:02:18 +01:00

2017-05-11 20:02:18,905       [7] DEBUG JoelScottFitness.Data.JSFitnessContext [(null)] -- Completed in 18 ms with result: SqlDataReader

2017-05-11 20:02:18,910       [7] DEBUG JoelScottFitness.Data.JSFitnessContext [(null)] 

2017-05-11 20:02:18,912       [7] DEBUG JoelScottFitness.Data.JSFitnessContext [(null)] Closed connection at 11/05/2017 20:02:18 +01:00

2017-05-11 20:04:05,264       [7] DEBUG JoelScottFitness.Data.JSFitnessContext [(null)] Opened connection at 11/05/2017 20:04:05 +01:00

2017-05-11 20:04:05,275       [7] DEBUG JoelScottFitness.Data.JSFitnessContext [(null)] 
SELECT Count(*)
FROM INFORMATION_SCHEMA.TABLES AS t
WHERE t.TABLE_SCHEMA + '.' + t.TABLE_NAME IN ('dbo.Addresses','dbo.Blogs','dbo.Customers','dbo.Purchases','dbo.DiscountCodes','dbo.Items','dbo.AspNetUsers','dbo.AspNetUserClaims','dbo.AspNetUserLogins','dbo.AspNetUserRoles','dbo.Plans','dbo.AspNetRoles')
    OR t.TABLE_NAME = 'EdmMetadata'
2017-05-11 20:04:05,276       [7] DEBUG JoelScottFitness.Data.JSFitnessContext [(null)] 

2017-05-11 20:04:05,277       [7] DEBUG JoelScottFitness.Data.JSFitnessContext [(null)] -- Executing at 11/05/2017 20:04:05 +01:00

2017-05-11 20:04:05,280       [7] DEBUG JoelScottFitness.Data.JSFitnessContext [(null)] -- Completed in 2 ms with result: 12

2017-05-11 20:04:05,281       [7] DEBUG JoelScottFitness.Data.JSFitnessContext [(null)] 

2017-05-11 20:04:05,281       [7] DEBUG JoelScottFitness.Data.JSFitnessContext [(null)] Closed connection at 11/05/2017 20:04:05 +01:00

2017-05-11 20:04:05,337       [7] DEBUG JoelScottFitness.Data.JSFitnessContext [(null)] Opened connection at 11/05/2017 20:04:05 +01:00

2017-05-11 20:04:05,394       [7] DEBUG JoelScottFitness.Data.JSFitnessContext [(null)] SELECT 
    [GroupBy1].[A1] AS [C1]
    FROM ( SELECT 
        COUNT(1) AS [A1]
        FROM [dbo].[__MigrationHistory] AS [Extent1]
        WHERE [Extent1].[ContextKey] = @p__linq__0
    )  AS [GroupBy1]
2017-05-11 20:04:05,396       [7] DEBUG JoelScottFitness.Data.JSFitnessContext [(null)] 

2017-05-11 20:04:05,397       [7] DEBUG JoelScottFitness.Data.JSFitnessContext [(null)] -- p__linq__0: 'JoelScottFitness.Data.JSFitnessContext' (Type = String, Size = 4000)

2017-05-11 20:04:05,397       [7] DEBUG JoelScottFitness.Data.JSFitnessContext [(null)] -- Executing at 11/05/2017 20:04:05 +01:00

2017-05-11 20:04:05,399       [7] DEBUG JoelScottFitness.Data.JSFitnessContext [(null)] -- Completed in 1 ms with result: SqlDataReader

2017-05-11 20:04:05,400       [7] DEBUG JoelScottFitness.Data.JSFitnessContext [(null)] 

2017-05-11 20:04:05,404       [7] DEBUG JoelScottFitness.Data.JSFitnessContext [(null)] Closed connection at 11/05/2017 20:04:05 +01:00

2017-05-11 20:04:05,408       [7] DEBUG JoelScottFitness.Data.JSFitnessContext [(null)] Opened connection at 11/05/2017 20:04:05 +01:00

2017-05-11 20:04:05,414       [7] DEBUG JoelScottFitness.Data.JSFitnessContext [(null)] SELECT TOP (1) 
    [Project1].[C1] AS [C1], 
    [Project1].[MigrationId] AS [MigrationId], 
    [Project1].[Model] AS [Model], 
    [Project1].[ProductVersion] AS [ProductVersion]
    FROM ( SELECT 
        [Extent1].[MigrationId] AS [MigrationId], 
        [Extent1].[Model] AS [Model], 
        [Extent1].[ProductVersion] AS [ProductVersion], 
        1 AS [C1]
        FROM [dbo].[__MigrationHistory] AS [Extent1]
        WHERE [Extent1].[ContextKey] = @p__linq__0
    )  AS [Project1]
    ORDER BY [Project1].[MigrationId] DESC
2017-05-11 20:04:05,416       [7] DEBUG JoelScottFitness.Data.JSFitnessContext [(null)] 

2017-05-11 20:04:05,416       [7] DEBUG JoelScottFitness.Data.JSFitnessContext [(null)] -- p__linq__0: 'JoelScottFitness.Data.JSFitnessContext' (Type = String, Size = 4000)

2017-05-11 20:04:05,418       [7] DEBUG JoelScottFitness.Data.JSFitnessContext [(null)] -- Executing at 11/05/2017 20:04:05 +01:00

2017-05-11 20:04:05,420       [7] DEBUG JoelScottFitness.Data.JSFitnessContext [(null)] -- Completed in 1 ms with result: SqlDataReader

2017-05-11 20:04:05,420       [7] DEBUG JoelScottFitness.Data.JSFitnessContext [(null)] 

2017-05-11 20:04:05,421       [7] DEBUG JoelScottFitness.Data.JSFitnessContext [(null)] Closed connection at 11/05/2017 20:04:05 +01:00

2017-05-11 20:04:05,437       [7] DEBUG JoelScottFitness.Data.JSFitnessContext [(null)] Opened connection asynchronously at 11/05/2017 20:04:05 +01:00

2017-05-11 20:04:05,484       [7] DEBUG JoelScottFitness.Data.JSFitnessContext [(null)] SELECT 
    1 AS [C1], 
    [Extent1].[Id] AS [Id], 
    [Extent1].[Firstname] AS [Firstname], 
    [Extent1].[Surname] AS [Surname], 
    [Extent1].[EmailAddress] AS [EmailAddress], 
    [Extent1].[CreatedDate] AS [CreatedDate], 
    [Extent1].[ModifiedDate] AS [ModifiedDate], 
    [Extent1].[UserId] AS [UserId], 
    [Extent1].[BillingAddress_Id] AS [BillingAddress_Id]
    FROM [dbo].[Customers] AS [Extent1]
    WHERE [Extent1].[Id] = @p0
2017-05-11 20:04:05,485       [7] DEBUG JoelScottFitness.Data.JSFitnessContext [(null)] 

2017-05-11 20:04:05,486       [7] DEBUG JoelScottFitness.Data.JSFitnessContext [(null)] -- p0: '3' (Type = Int64)

2017-05-11 20:04:05,487       [7] DEBUG JoelScottFitness.Data.JSFitnessContext [(null)] -- Executing asynchronously at 11/05/2017 20:04:05 +01:00

2017-05-11 20:04:05,490       [10] DEBUG JoelScottFitness.Data.JSFitnessContext [(null)] -- Completed in 2 ms with result: SqlDataReader

2017-05-11 20:04:05,491       [10] DEBUG JoelScottFitness.Data.JSFitnessContext [(null)] 

2017-05-11 20:04:05,520       [10] DEBUG JoelScottFitness.Data.JSFitnessContext [(null)] Closed connection at 11/05/2017 20:04:05 +01:00

2017-05-11 20:05:36,098       [7] DEBUG JoelScottFitness.Data.JSFitnessContext [(null)] Opened connection at 11/05/2017 20:05:36 +01:00

2017-05-11 20:05:36,110       [7] DEBUG JoelScottFitness.Data.JSFitnessContext [(null)] 
SELECT Count(*)
FROM INFORMATION_SCHEMA.TABLES AS t
WHERE t.TABLE_SCHEMA + '.' + t.TABLE_NAME IN ('dbo.Addresses','dbo.Blogs','dbo.Customers','dbo.Purchases','dbo.DiscountCodes','dbo.Items','dbo.AspNetUsers','dbo.AspNetUserClaims','dbo.AspNetUserLogins','dbo.AspNetUserRoles','dbo.Plans','dbo.AspNetRoles')
    OR t.TABLE_NAME = 'EdmMetadata'
2017-05-11 20:05:36,111       [7] DEBUG JoelScottFitness.Data.JSFitnessContext [(null)] 

2017-05-11 20:05:36,112       [7] DEBUG JoelScottFitness.Data.JSFitnessContext [(null)] -- Executing at 11/05/2017 20:05:36 +01:00

2017-05-11 20:05:36,116       [7] DEBUG JoelScottFitness.Data.JSFitnessContext [(null)] -- Completed in 3 ms with result: 12

2017-05-11 20:05:36,117       [7] DEBUG JoelScottFitness.Data.JSFitnessContext [(null)] 

2017-05-11 20:05:36,118       [7] DEBUG JoelScottFitness.Data.JSFitnessContext [(null)] Closed connection at 11/05/2017 20:05:36 +01:00

2017-05-11 20:05:36,177       [7] DEBUG JoelScottFitness.Data.JSFitnessContext [(null)] Opened connection at 11/05/2017 20:05:36 +01:00

2017-05-11 20:05:36,236       [7] DEBUG JoelScottFitness.Data.JSFitnessContext [(null)] SELECT 
    [GroupBy1].[A1] AS [C1]
    FROM ( SELECT 
        COUNT(1) AS [A1]
        FROM [dbo].[__MigrationHistory] AS [Extent1]
        WHERE [Extent1].[ContextKey] = @p__linq__0
    )  AS [GroupBy1]
2017-05-11 20:05:36,237       [7] DEBUG JoelScottFitness.Data.JSFitnessContext [(null)] 

2017-05-11 20:05:36,238       [7] DEBUG JoelScottFitness.Data.JSFitnessContext [(null)] -- p__linq__0: 'JoelScottFitness.Data.JSFitnessContext' (Type = String, Size = 4000)

2017-05-11 20:05:36,238       [7] DEBUG JoelScottFitness.Data.JSFitnessContext [(null)] -- Executing at 11/05/2017 20:05:36 +01:00

2017-05-11 20:05:36,241       [7] DEBUG JoelScottFitness.Data.JSFitnessContext [(null)] -- Completed in 1 ms with result: SqlDataReader

2017-05-11 20:05:36,242       [7] DEBUG JoelScottFitness.Data.JSFitnessContext [(null)] 

2017-05-11 20:05:36,246       [7] DEBUG JoelScottFitness.Data.JSFitnessContext [(null)] Closed connection at 11/05/2017 20:05:36 +01:00

2017-05-11 20:05:36,249       [7] DEBUG JoelScottFitness.Data.JSFitnessContext [(null)] Opened connection at 11/05/2017 20:05:36 +01:00

2017-05-11 20:05:36,257       [7] DEBUG JoelScottFitness.Data.JSFitnessContext [(null)] SELECT TOP (1) 
    [Project1].[C1] AS [C1], 
    [Project1].[MigrationId] AS [MigrationId], 
    [Project1].[Model] AS [Model], 
    [Project1].[ProductVersion] AS [ProductVersion]
    FROM ( SELECT 
        [Extent1].[MigrationId] AS [MigrationId], 
        [Extent1].[Model] AS [Model], 
        [Extent1].[ProductVersion] AS [ProductVersion], 
        1 AS [C1]
        FROM [dbo].[__MigrationHistory] AS [Extent1]
        WHERE [Extent1].[ContextKey] = @p__linq__0
    )  AS [Project1]
    ORDER BY [Project1].[MigrationId] DESC
2017-05-11 20:05:36,258       [7] DEBUG JoelScottFitness.Data.JSFitnessContext [(null)] 

2017-05-11 20:05:36,259       [7] DEBUG JoelScottFitness.Data.JSFitnessContext [(null)] -- p__linq__0: 'JoelScottFitness.Data.JSFitnessContext' (Type = String, Size = 4000)

2017-05-11 20:05:36,259       [7] DEBUG JoelScottFitness.Data.JSFitnessContext [(null)] -- Executing at 11/05/2017 20:05:36 +01:00

2017-05-11 20:05:36,262       [7] DEBUG JoelScottFitness.Data.JSFitnessContext [(null)] -- Completed in 1 ms with result: SqlDataReader

2017-05-11 20:05:36,263       [7] DEBUG JoelScottFitness.Data.JSFitnessContext [(null)] 

2017-05-11 20:05:36,264       [7] DEBUG JoelScottFitness.Data.JSFitnessContext [(null)] Closed connection at 11/05/2017 20:05:36 +01:00

2017-05-11 20:05:36,277       [7] DEBUG JoelScottFitness.Data.JSFitnessContext [(null)] Opened connection asynchronously at 11/05/2017 20:05:36 +01:00

2017-05-11 20:05:36,325       [7] DEBUG JoelScottFitness.Data.JSFitnessContext [(null)] SELECT 
    1 AS [C1], 
    [Extent1].[Id] AS [Id], 
    [Extent1].[Firstname] AS [Firstname], 
    [Extent1].[Surname] AS [Surname], 
    [Extent1].[EmailAddress] AS [EmailAddress], 
    [Extent1].[CreatedDate] AS [CreatedDate], 
    [Extent1].[ModifiedDate] AS [ModifiedDate], 
    [Extent1].[UserId] AS [UserId], 
    [Extent1].[BillingAddress_Id] AS [BillingAddress_Id]
    FROM [dbo].[Customers] AS [Extent1]
    WHERE [Extent1].[Id] = @p0
2017-05-11 20:05:36,326       [7] DEBUG JoelScottFitness.Data.JSFitnessContext [(null)] 

2017-05-11 20:05:36,327       [7] DEBUG JoelScottFitness.Data.JSFitnessContext [(null)] -- p0: '3' (Type = Int64)

2017-05-11 20:05:36,328       [7] DEBUG JoelScottFitness.Data.JSFitnessContext [(null)] -- Executing asynchronously at 11/05/2017 20:05:36 +01:00

2017-05-11 20:05:36,332       [8] DEBUG JoelScottFitness.Data.JSFitnessContext [(null)] -- Completed in 3 ms with result: SqlDataReader

2017-05-11 20:05:36,353       [8] DEBUG JoelScottFitness.Data.JSFitnessContext [(null)] 

2017-05-11 20:05:36,364       [8] DEBUG JoelScottFitness.Data.JSFitnessContext [(null)] Closed connection at 11/05/2017 20:05:36 +01:00

2017-05-11 20:07:39,235       [8] DEBUG JoelScottFitness.Data.JSFitnessContext [(null)] Opened connection at 11/05/2017 20:07:39 +01:00

2017-05-11 20:07:39,250       [8] DEBUG JoelScottFitness.Data.JSFitnessContext [(null)] 
SELECT Count(*)
FROM INFORMATION_SCHEMA.TABLES AS t
WHERE t.TABLE_SCHEMA + '.' + t.TABLE_NAME IN ('dbo.Addresses','dbo.Blogs','dbo.Customers','dbo.Purchases','dbo.DiscountCodes','dbo.Items','dbo.AspNetUsers','dbo.AspNetUserClaims','dbo.AspNetUserLogins','dbo.AspNetUserRoles','dbo.Plans','dbo.AspNetRoles')
    OR t.TABLE_NAME = 'EdmMetadata'
2017-05-11 20:07:39,251       [8] DEBUG JoelScottFitness.Data.JSFitnessContext [(null)] 

2017-05-11 20:07:39,252       [8] DEBUG JoelScottFitness.Data.JSFitnessContext [(null)] -- Executing at 11/05/2017 20:07:39 +01:00

2017-05-11 20:07:39,256       [8] DEBUG JoelScottFitness.Data.JSFitnessContext [(null)] -- Completed in 3 ms with result: 12

2017-05-11 20:07:39,257       [8] DEBUG JoelScottFitness.Data.JSFitnessContext [(null)] 

2017-05-11 20:07:39,258       [8] DEBUG JoelScottFitness.Data.JSFitnessContext [(null)] Closed connection at 11/05/2017 20:07:39 +01:00

2017-05-11 20:07:39,330       [8] DEBUG JoelScottFitness.Data.JSFitnessContext [(null)] Opened connection at 11/05/2017 20:07:39 +01:00

2017-05-11 20:07:39,388       [8] DEBUG JoelScottFitness.Data.JSFitnessContext [(null)] SELECT 
    [GroupBy1].[A1] AS [C1]
    FROM ( SELECT 
        COUNT(1) AS [A1]
        FROM [dbo].[__MigrationHistory] AS [Extent1]
        WHERE [Extent1].[ContextKey] = @p__linq__0
    )  AS [GroupBy1]
2017-05-11 20:07:39,389       [8] DEBUG JoelScottFitness.Data.JSFitnessContext [(null)] 

2017-05-11 20:07:39,389       [8] DEBUG JoelScottFitness.Data.JSFitnessContext [(null)] -- p__linq__0: 'JoelScottFitness.Data.JSFitnessContext' (Type = String, Size = 4000)

2017-05-11 20:07:39,390       [8] DEBUG JoelScottFitness.Data.JSFitnessContext [(null)] -- Executing at 11/05/2017 20:07:39 +01:00

2017-05-11 20:07:39,393       [8] DEBUG JoelScottFitness.Data.JSFitnessContext [(null)] -- Completed in 1 ms with result: SqlDataReader

2017-05-11 20:07:39,394       [8] DEBUG JoelScottFitness.Data.JSFitnessContext [(null)] 

2017-05-11 20:07:39,398       [8] DEBUG JoelScottFitness.Data.JSFitnessContext [(null)] Closed connection at 11/05/2017 20:07:39 +01:00

2017-05-11 20:07:39,401       [8] DEBUG JoelScottFitness.Data.JSFitnessContext [(null)] Opened connection at 11/05/2017 20:07:39 +01:00

2017-05-11 20:07:39,408       [8] DEBUG JoelScottFitness.Data.JSFitnessContext [(null)] SELECT TOP (1) 
    [Project1].[C1] AS [C1], 
    [Project1].[MigrationId] AS [MigrationId], 
    [Project1].[Model] AS [Model], 
    [Project1].[ProductVersion] AS [ProductVersion]
    FROM ( SELECT 
        [Extent1].[MigrationId] AS [MigrationId], 
        [Extent1].[Model] AS [Model], 
        [Extent1].[ProductVersion] AS [ProductVersion], 
        1 AS [C1]
        FROM [dbo].[__MigrationHistory] AS [Extent1]
        WHERE [Extent1].[ContextKey] = @p__linq__0
    )  AS [Project1]
    ORDER BY [Project1].[MigrationId] DESC
2017-05-11 20:07:39,409       [8] DEBUG JoelScottFitness.Data.JSFitnessContext [(null)] 

2017-05-11 20:07:39,410       [8] DEBUG JoelScottFitness.Data.JSFitnessContext [(null)] -- p__linq__0: 'JoelScottFitness.Data.JSFitnessContext' (Type = String, Size = 4000)

2017-05-11 20:07:39,411       [8] DEBUG JoelScottFitness.Data.JSFitnessContext [(null)] -- Executing at 11/05/2017 20:07:39 +01:00

2017-05-11 20:07:39,412       [8] DEBUG JoelScottFitness.Data.JSFitnessContext [(null)] -- Completed in 1 ms with result: SqlDataReader

2017-05-11 20:07:39,413       [8] DEBUG JoelScottFitness.Data.JSFitnessContext [(null)] 

2017-05-11 20:07:39,414       [8] DEBUG JoelScottFitness.Data.JSFitnessContext [(null)] Closed connection at 11/05/2017 20:07:39 +01:00

2017-05-11 20:07:39,443       [8] DEBUG JoelScottFitness.Data.JSFitnessContext [(null)] Opened connection asynchronously at 11/05/2017 20:07:39 +01:00

2017-05-11 20:07:39,494       [8] DEBUG JoelScottFitness.Data.JSFitnessContext [(null)] SELECT 
    [Limit1].[C1] AS [C1], 
    [Limit1].[Id] AS [Id], 
    [Limit1].[Firstname] AS [Firstname], 
    [Limit1].[Surname] AS [Surname], 
    [Limit1].[EmailAddress] AS [EmailAddress], 
    [Limit1].[CreatedDate] AS [CreatedDate], 
    [Limit1].[ModifiedDate] AS [ModifiedDate], 
    [Limit1].[UserId] AS [UserId], 
    [Limit1].[Id1] AS [Id1], 
    [Limit1].[AddressLine1] AS [AddressLine1], 
    [Limit1].[AddressLine2] AS [AddressLine2], 
    [Limit1].[AddressLine3] AS [AddressLine3], 
    [Limit1].[City] AS [City], 
    [Limit1].[Region] AS [Region], 
    [Limit1].[PostCode] AS [PostCode], 
    [Limit1].[Country] AS [Country], 
    [Limit1].[CountryCode] AS [CountryCode]
    FROM ( SELECT TOP (1) 
        [Extent1].[Id] AS [Id], 
        [Extent1].[Firstname] AS [Firstname], 
        [Extent1].[Surname] AS [Surname], 
        [Extent1].[EmailAddress] AS [EmailAddress], 
        [Extent1].[CreatedDate] AS [CreatedDate], 
        [Extent1].[ModifiedDate] AS [ModifiedDate], 
        [Extent1].[UserId] AS [UserId], 
        [Extent2].[Id] AS [Id1], 
        [Extent2].[AddressLine1] AS [AddressLine1], 
        [Extent2].[AddressLine2] AS [AddressLine2], 
        [Extent2].[AddressLine3] AS [AddressLine3], 
        [Extent2].[City] AS [City], 
        [Extent2].[Region] AS [Region], 
        [Extent2].[PostCode] AS [PostCode], 
        [Extent2].[Country] AS [Country], 
        [Extent2].[CountryCode] AS [CountryCode], 
        1 AS [C1]
        FROM  [dbo].[Customers] AS [Extent1]
        INNER JOIN [dbo].[Addresses] AS [Extent2] ON [Extent1].[BillingAddress_Id] = [Extent2].[Id]
        WHERE [Extent1].[Id] = @p__linq__0
    )  AS [Limit1]
2017-05-11 20:07:39,495       [8] DEBUG JoelScottFitness.Data.JSFitnessContext [(null)] 

2017-05-11 20:07:39,496       [8] DEBUG JoelScottFitness.Data.JSFitnessContext [(null)] -- p__linq__0: '3' (Type = Int64, IsNullable = false)

2017-05-11 20:07:39,497       [8] DEBUG JoelScottFitness.Data.JSFitnessContext [(null)] -- Executing asynchronously at 11/05/2017 20:07:39 +01:00

2017-05-11 20:07:39,509       [6] DEBUG JoelScottFitness.Data.JSFitnessContext [(null)] -- Completed in 11 ms with result: SqlDataReader

2017-05-11 20:07:39,510       [6] DEBUG JoelScottFitness.Data.JSFitnessContext [(null)] 

2017-05-11 20:07:39,520       [6] DEBUG JoelScottFitness.Data.JSFitnessContext [(null)] Closed connection at 11/05/2017 20:07:39 +01:00

2017-05-11 20:07:51,687       [5] DEBUG JoelScottFitness.Data.JSFitnessContext [(null)] Opened connection asynchronously at 11/05/2017 20:07:51 +01:00

2017-05-11 20:07:51,690       [5] DEBUG JoelScottFitness.Data.JSFitnessContext [(null)] Started transaction at 11/05/2017 20:07:51 +01:00

2017-05-11 20:07:51,702       [5] DEBUG JoelScottFitness.Data.JSFitnessContext [(null)] UPDATE [dbo].[Addresses]
SET [AddressLine1] = @0, [AddressLine2] = @1, [AddressLine3] = @2, [City] = @3, [Region] = @4, [PostCode] = @5, [Country] = @6, [CountryCode] = @7
WHERE ([Id] = @8)

2017-05-11 20:07:51,703       [5] DEBUG JoelScottFitness.Data.JSFitnessContext [(null)] -- @0: '19 Alexandra Grove' (Type = String, Size = -1)

2017-05-11 20:07:51,704       [5] DEBUG JoelScottFitness.Data.JSFitnessContext [(null)] -- @1: 'Test' (Type = String, Size = -1)

2017-05-11 20:07:51,706       [5] DEBUG JoelScottFitness.Data.JSFitnessContext [(null)] -- @2: 'Test2' (Type = String, Size = -1)

2017-05-11 20:07:51,707       [5] DEBUG JoelScottFitness.Data.JSFitnessContext [(null)] -- @3: 'Los Angeles' (Type = String, Size = -1)

2017-05-11 20:07:51,708       [5] DEBUG JoelScottFitness.Data.JSFitnessContext [(null)] -- @4: 'Cheshire' (Type = String, Size = -1)

2017-05-11 20:07:51,709       [5] DEBUG JoelScottFitness.Data.JSFitnessContext [(null)] -- @5: 'WA75DZ' (Type = String, Size = -1)

2017-05-11 20:07:51,710       [5] DEBUG JoelScottFitness.Data.JSFitnessContext [(null)] -- @6: 'UK' (Type = String, Size = -1)

2017-05-11 20:07:51,711       [5] DEBUG JoelScottFitness.Data.JSFitnessContext [(null)] -- @7: 'UK' (Type = String, Size = -1)

2017-05-11 20:07:51,712       [5] DEBUG JoelScottFitness.Data.JSFitnessContext [(null)] -- @8: '3' (Type = Int64)

2017-05-11 20:07:51,713       [5] DEBUG JoelScottFitness.Data.JSFitnessContext [(null)] -- Executing asynchronously at 11/05/2017 20:07:51 +01:00

2017-05-11 20:07:51,725       [6] DEBUG JoelScottFitness.Data.JSFitnessContext [(null)] -- Completed in 10 ms with result: 1

2017-05-11 20:07:51,726       [6] DEBUG JoelScottFitness.Data.JSFitnessContext [(null)] 

2017-05-11 20:07:51,737       [6] DEBUG JoelScottFitness.Data.JSFitnessContext [(null)] UPDATE [dbo].[Customers]
SET [Firstname] = @0, [Surname] = @1, [EmailAddress] = @2, [CreatedDate] = @3, [ModifiedDate] = @4, [UserId] = NULL
WHERE ([Id] = @5)

2017-05-11 20:07:51,738       [6] DEBUG JoelScottFitness.Data.JSFitnessContext [(null)] -- @0: 'Simon' (Type = String, Size = -1)

2017-05-11 20:07:51,747       [6] DEBUG JoelScottFitness.Data.JSFitnessContext [(null)] -- @1: 'John Blackmore' (Type = String, Size = -1)

2017-05-11 20:07:51,750       [6] DEBUG JoelScottFitness.Data.JSFitnessContext [(null)] -- @2: 'Blackmore__s@hotmail.com' (Type = String, Size = -1)

2017-05-11 20:07:51,751       [6] DEBUG JoelScottFitness.Data.JSFitnessContext [(null)] -- @3: '11/05/2017 19:07:27' (Type = DateTime2)

2017-05-11 20:07:51,755       [6] DEBUG JoelScottFitness.Data.JSFitnessContext [(null)] -- @4: '11/05/2017 19:07:27' (Type = DateTime2)

2017-05-11 20:07:51,756       [6] DEBUG JoelScottFitness.Data.JSFitnessContext [(null)] -- @5: '3' (Type = Int64)

2017-05-11 20:07:51,758       [6] DEBUG JoelScottFitness.Data.JSFitnessContext [(null)] -- Executing asynchronously at 11/05/2017 20:07:51 +01:00

2017-05-11 20:07:51,769       [6] DEBUG JoelScottFitness.Data.JSFitnessContext [(null)] -- Completed in 9 ms with result: 1

2017-05-11 20:07:51,770       [6] DEBUG JoelScottFitness.Data.JSFitnessContext [(null)] 

2017-05-11 20:07:51,772       [6] DEBUG JoelScottFitness.Data.JSFitnessContext [(null)] Committed transaction at 11/05/2017 20:07:51 +01:00

2017-05-11 20:07:51,774       [6] DEBUG JoelScottFitness.Data.JSFitnessContext [(null)] Closed connection at 11/05/2017 20:07:51 +01:00

2017-05-14 19:59:51,531       [8] DEBUG JoelScottFitness.Data.JSFitnessContext [(null)] Opened connection at 14/05/2017 19:59:51 +01:00

2017-05-14 19:59:51,543       [8] DEBUG JoelScottFitness.Data.JSFitnessContext [(null)] 
SELECT Count(*)
FROM INFORMATION_SCHEMA.TABLES AS t
WHERE t.TABLE_SCHEMA + '.' + t.TABLE_NAME IN ('dbo.Addresses','dbo.Blogs','dbo.Customers','dbo.Purchases','dbo.DiscountCodes','dbo.Items','dbo.AspNetUsers','dbo.AspNetUserClaims','dbo.AspNetUserLogins','dbo.AspNetUserRoles','dbo.Plans','dbo.AspNetRoles')
    OR t.TABLE_NAME = 'EdmMetadata'
2017-05-14 19:59:51,546       [8] DEBUG JoelScottFitness.Data.JSFitnessContext [(null)] 

2017-05-14 19:59:51,546       [8] DEBUG JoelScottFitness.Data.JSFitnessContext [(null)] -- Executing at 14/05/2017 19:59:51 +01:00

2017-05-14 19:59:51,573       [8] DEBUG JoelScottFitness.Data.JSFitnessContext [(null)] -- Completed in 26 ms with result: 12

2017-05-14 19:59:51,573       [8] DEBUG JoelScottFitness.Data.JSFitnessContext [(null)] 

2017-05-14 19:59:51,573       [8] DEBUG JoelScottFitness.Data.JSFitnessContext [(null)] Closed connection at 14/05/2017 19:59:51 +01:00

2017-05-14 19:59:51,636       [8] DEBUG JoelScottFitness.Data.JSFitnessContext [(null)] Opened connection at 14/05/2017 19:59:51 +01:00

2017-05-14 19:59:51,703       [8] DEBUG JoelScottFitness.Data.JSFitnessContext [(null)] SELECT 
    [GroupBy1].[A1] AS [C1]
    FROM ( SELECT 
        COUNT(1) AS [A1]
        FROM [dbo].[__MigrationHistory] AS [Extent1]
        WHERE [Extent1].[ContextKey] = @p__linq__0
    )  AS [GroupBy1]
2017-05-14 19:59:51,706       [8] DEBUG JoelScottFitness.Data.JSFitnessContext [(null)] 

2017-05-14 19:59:51,708       [8] DEBUG JoelScottFitness.Data.JSFitnessContext [(null)] -- p__linq__0: 'JoelScottFitness.Data.Migrations.Configuration' (Type = String, Size = 4000)

2017-05-14 19:59:51,708       [8] DEBUG JoelScottFitness.Data.JSFitnessContext [(null)] -- Executing at 14/05/2017 19:59:51 +01:00

2017-05-14 19:59:51,716       [8] DEBUG JoelScottFitness.Data.JSFitnessContext [(null)] -- Completed in 6 ms with result: SqlDataReader

2017-05-14 19:59:51,716       [8] DEBUG JoelScottFitness.Data.JSFitnessContext [(null)] 

2017-05-14 19:59:51,721       [8] DEBUG JoelScottFitness.Data.JSFitnessContext [(null)] Closed connection at 14/05/2017 19:59:51 +01:00

2017-05-14 19:59:51,723       [8] DEBUG JoelScottFitness.Data.JSFitnessContext [(null)] Opened connection at 14/05/2017 19:59:51 +01:00

2017-05-14 19:59:51,731       [8] DEBUG JoelScottFitness.Data.JSFitnessContext [(null)] SELECT TOP (1) 
    [Project1].[C1] AS [C1], 
    [Project1].[MigrationId] AS [MigrationId], 
    [Project1].[Model] AS [Model], 
    [Project1].[ProductVersion] AS [ProductVersion]
    FROM ( SELECT 
        [Extent1].[MigrationId] AS [MigrationId], 
        [Extent1].[Model] AS [Model], 
        [Extent1].[ProductVersion] AS [ProductVersion], 
        1 AS [C1]
        FROM [dbo].[__MigrationHistory] AS [Extent1]
        WHERE [Extent1].[ContextKey] = @p__linq__0
    )  AS [Project1]
    ORDER BY [Project1].[MigrationId] DESC
2017-05-14 19:59:51,733       [8] DEBUG JoelScottFitness.Data.JSFitnessContext [(null)] 

2017-05-14 19:59:51,733       [8] DEBUG JoelScottFitness.Data.JSFitnessContext [(null)] -- p__linq__0: 'JoelScottFitness.Data.Migrations.Configuration' (Type = String, Size = 4000)

2017-05-14 19:59:51,733       [8] DEBUG JoelScottFitness.Data.JSFitnessContext [(null)] -- Executing at 14/05/2017 19:59:51 +01:00

2017-05-14 19:59:51,736       [8] DEBUG JoelScottFitness.Data.JSFitnessContext [(null)] -- Completed in 1 ms with result: SqlDataReader

2017-05-14 19:59:51,736       [8] DEBUG JoelScottFitness.Data.JSFitnessContext [(null)] 

2017-05-14 19:59:51,738       [8] DEBUG JoelScottFitness.Data.JSFitnessContext [(null)] Closed connection at 14/05/2017 19:59:51 +01:00

2017-05-14 19:59:51,756       [8] DEBUG JoelScottFitness.Data.JSFitnessContext [(null)] Opened connection asynchronously at 14/05/2017 19:59:51 +01:00

2017-05-14 19:59:51,808       [8] DEBUG JoelScottFitness.Data.JSFitnessContext [(null)] SELECT 
    [Limit1].[C1] AS [C1], 
    [Limit1].[Id] AS [Id], 
    [Limit1].[Firstname] AS [Firstname], 
    [Limit1].[Surname] AS [Surname], 
    [Limit1].[EmailAddress] AS [EmailAddress], 
    [Limit1].[CreatedDate] AS [CreatedDate], 
    [Limit1].[ModifiedDate] AS [ModifiedDate], 
    [Limit1].[UserId] AS [UserId], 
    [Limit1].[Id1] AS [Id1], 
    [Limit1].[AddressLine1] AS [AddressLine1], 
    [Limit1].[AddressLine2] AS [AddressLine2], 
    [Limit1].[AddressLine3] AS [AddressLine3], 
    [Limit1].[City] AS [City], 
    [Limit1].[Region] AS [Region], 
    [Limit1].[PostCode] AS [PostCode], 
    [Limit1].[Country] AS [Country], 
    [Limit1].[CountryCode] AS [CountryCode]
    FROM ( SELECT TOP (1) 
        [Extent1].[Id] AS [Id], 
        [Extent1].[Firstname] AS [Firstname], 
        [Extent1].[Surname] AS [Surname], 
        [Extent1].[EmailAddress] AS [EmailAddress], 
        [Extent1].[CreatedDate] AS [CreatedDate], 
        [Extent1].[ModifiedDate] AS [ModifiedDate], 
        [Extent1].[UserId] AS [UserId], 
        [Extent2].[Id] AS [Id1], 
        [Extent2].[AddressLine1] AS [AddressLine1], 
        [Extent2].[AddressLine2] AS [AddressLine2], 
        [Extent2].[AddressLine3] AS [AddressLine3], 
        [Extent2].[City] AS [City], 
        [Extent2].[Region] AS [Region], 
        [Extent2].[PostCode] AS [PostCode], 
        [Extent2].[Country] AS [Country], 
        [Extent2].[CountryCode] AS [CountryCode], 
        1 AS [C1]
        FROM  [dbo].[Customers] AS [Extent1]
        INNER JOIN [dbo].[Addresses] AS [Extent2] ON [Extent1].[BillingAddress_Id] = [Extent2].[Id]
        WHERE [Extent1].[Id] = @p__linq__0
    )  AS [Limit1]
2017-05-14 19:59:51,811       [8] DEBUG JoelScottFitness.Data.JSFitnessContext [(null)] 

2017-05-14 19:59:51,811       [8] DEBUG JoelScottFitness.Data.JSFitnessContext [(null)] -- p__linq__0: '3' (Type = Int64, IsNullable = false)

2017-05-14 19:59:51,813       [8] DEBUG JoelScottFitness.Data.JSFitnessContext [(null)] -- Executing asynchronously at 14/05/2017 19:59:51 +01:00

2017-05-14 19:59:51,838       [7] DEBUG JoelScottFitness.Data.JSFitnessContext [(null)] -- Completed in 24 ms with result: SqlDataReader

2017-05-14 19:59:51,841       [7] DEBUG JoelScottFitness.Data.JSFitnessContext [(null)] 

2017-05-14 19:59:51,843       [7] DEBUG JoelScottFitness.Data.JSFitnessContext [(null)] Closed connection at 14/05/2017 19:59:51 +01:00

2017-05-14 19:59:53,964       [5] DEBUG JoelScottFitness.Data.JSFitnessContext [(null)] Opened connection asynchronously at 14/05/2017 19:59:53 +01:00

2017-05-14 19:59:53,969       [5] DEBUG JoelScottFitness.Data.JSFitnessContext [(null)] Started transaction at 14/05/2017 19:59:53 +01:00

2017-05-14 19:59:53,976       [5] DEBUG JoelScottFitness.Data.JSFitnessContext [(null)] INSERT [dbo].[Addresses]([AddressLine1], [AddressLine2], [AddressLine3], [City], [Region], [PostCode], [Country], [CountryCode])
VALUES (@0, @1, @2, @3, @4, @5, @6, @7)
SELECT [Id]
FROM [dbo].[Addresses]
WHERE @@ROWCOUNT > 0 AND [Id] = scope_identity()
2017-05-14 19:59:53,976       [5] DEBUG JoelScottFitness.Data.JSFitnessContext [(null)] 

2017-05-14 19:59:53,979       [5] DEBUG JoelScottFitness.Data.JSFitnessContext [(null)] -- @0: '19 Alexandra Grove' (Type = String, Size = -1)

2017-05-14 19:59:53,979       [5] DEBUG JoelScottFitness.Data.JSFitnessContext [(null)] -- @1: 'Test' (Type = String, Size = -1)

2017-05-14 19:59:53,979       [5] DEBUG JoelScottFitness.Data.JSFitnessContext [(null)] -- @2: 'Test2' (Type = String, Size = -1)

2017-05-14 19:59:53,979       [5] DEBUG JoelScottFitness.Data.JSFitnessContext [(null)] -- @3: 'Los Angeles' (Type = String, Size = -1)

2017-05-14 19:59:53,981       [5] DEBUG JoelScottFitness.Data.JSFitnessContext [(null)] -- @4: 'Cheshire' (Type = String, Size = -1)

2017-05-14 19:59:53,981       [5] DEBUG JoelScottFitness.Data.JSFitnessContext [(null)] -- @5: 'WA75DZ' (Type = String, Size = -1)

2017-05-14 19:59:53,981       [5] DEBUG JoelScottFitness.Data.JSFitnessContext [(null)] -- @6: 'UK' (Type = String, Size = -1)

2017-05-14 19:59:53,981       [5] DEBUG JoelScottFitness.Data.JSFitnessContext [(null)] -- @7: 'UK' (Type = String, Size = -1)

2017-05-14 19:59:53,981       [5] DEBUG JoelScottFitness.Data.JSFitnessContext [(null)] -- Executing asynchronously at 14/05/2017 19:59:53 +01:00

2017-05-14 19:59:53,986       [6] DEBUG JoelScottFitness.Data.JSFitnessContext [(null)] -- Completed in 3 ms with result: SqlDataReader

2017-05-14 19:59:53,986       [6] DEBUG JoelScottFitness.Data.JSFitnessContext [(null)] 

2017-05-14 19:59:53,991       [6] DEBUG JoelScottFitness.Data.JSFitnessContext [(null)] INSERT [dbo].[Customers]([Firstname], [Surname], [EmailAddress], [CreatedDate], [ModifiedDate], [UserId], [BillingAddress_Id])
VALUES (@0, @1, @2, @3, @4, NULL, @5)
SELECT [Id]
FROM [dbo].[Customers]
WHERE @@ROWCOUNT > 0 AND [Id] = scope_identity()
2017-05-14 19:59:53,991       [6] DEBUG JoelScottFitness.Data.JSFitnessContext [(null)] 

2017-05-14 19:59:53,991       [6] DEBUG JoelScottFitness.Data.JSFitnessContext [(null)] -- @0: 'Simon' (Type = String, Size = -1)

2017-05-14 19:59:53,994       [6] DEBUG JoelScottFitness.Data.JSFitnessContext [(null)] -- @1: 'John Blackmore' (Type = String, Size = -1)

2017-05-14 19:59:53,994       [6] DEBUG JoelScottFitness.Data.JSFitnessContext [(null)] -- @2: 'Blackmore__s@hotmail.com' (Type = String, Size = -1)

2017-05-14 19:59:53,994       [6] DEBUG JoelScottFitness.Data.JSFitnessContext [(null)] -- @3: '14/05/2017 18:59:45' (Type = DateTime2)

2017-05-14 19:59:53,996       [6] DEBUG JoelScottFitness.Data.JSFitnessContext [(null)] -- @4: '14/05/2017 18:59:45' (Type = DateTime2)

2017-05-14 19:59:53,996       [6] DEBUG JoelScottFitness.Data.JSFitnessContext [(null)] -- @5: '1' (Type = Int64)

2017-05-14 19:59:53,996       [6] DEBUG JoelScottFitness.Data.JSFitnessContext [(null)] -- Executing asynchronously at 14/05/2017 19:59:53 +01:00

2017-05-14 19:59:54,001       [6] DEBUG JoelScottFitness.Data.JSFitnessContext [(null)] -- Completed in 3 ms with result: SqlDataReader

2017-05-14 19:59:54,004       [6] DEBUG JoelScottFitness.Data.JSFitnessContext [(null)] 

2017-05-14 19:59:54,006       [6] DEBUG JoelScottFitness.Data.JSFitnessContext [(null)] Committed transaction at 14/05/2017 19:59:54 +01:00

2017-05-14 19:59:54,006       [6] DEBUG JoelScottFitness.Data.JSFitnessContext [(null)] Closed connection at 14/05/2017 19:59:54 +01:00

